* installing *source* package ‘uwotlite’ ...
** this is package ‘uwotlite’ version ‘0.2.4.9000’
** using staged installation
** libs
using C++ compiler: ‘Apple clang version 17.0.0 (clang-1700.6.3.2)’
using SDK: ‘’
clang++ -arch arm64 -std=gnu++17 -I"/Library/Frameworks/R.framework/Resources/include" -DNDEBUG -I../inst/include/ -I'/Library/Frameworks/R.framework/Versions/4.5-arm64/Resources/library/sitmo/include' -I'/Library/Frameworks/R.framework/Versions/4.5-arm64/Resources/library/Rcpp/include' -I'/Library/Frameworks/R.framework/Versions/4.5-arm64/Resources/library/RcppAnnoy/include' -I'/Library/Frameworks/R.framework/Versions/4.5-arm64/Resources/library/RcppProgress/include' -I/opt/R/arm64/include   -DRCPP_NO_RTTI -fPIC  -falign-functions=64 -Wall -g -O2   -c RcppExports.cpp -o RcppExports.o
clang++ -arch arm64 -std=gnu++17 -I"/Library/Frameworks/R.framework/Resources/include" -DNDEBUG -I../inst/include/ -I'/Library/Frameworks/R.framework/Versions/4.5-arm64/Resources/library/sitmo/include' -I'/Library/Frameworks/R.framework/Versions/4.5-arm64/Resources/library/Rcpp/include' -I'/Library/Frameworks/R.framework/Versions/4.5-arm64/Resources/library/RcppAnnoy/include' -I'/Library/Frameworks/R.framework/Versions/4.5-arm64/Resources/library/RcppProgress/include' -I/opt/R/arm64/include   -DRCPP_NO_RTTI -fPIC  -falign-functions=64 -Wall -g -O2   -c connected_components.cpp -o connected_components.o
clang++ -arch arm64 -std=gnu++17 -I"/Library/Frameworks/R.framework/Resources/include" -DNDEBUG -I../inst/include/ -I'/Library/Frameworks/R.framework/Versions/4.5-arm64/Resources/library/sitmo/include' -I'/Library/Frameworks/R.framework/Versions/4.5-arm64/Resources/library/Rcpp/include' -I'/Library/Frameworks/R.framework/Versions/4.5-arm64/Resources/library/RcppAnnoy/include' -I'/Library/Frameworks/R.framework/Versions/4.5-arm64/Resources/library/RcppProgress/include' -I/opt/R/arm64/include   -DRCPP_NO_RTTI -fPIC  -falign-functions=64 -Wall -g -O2   -c nn_parallel.cpp -o nn_parallel.o
clang++ -arch arm64 -std=gnu++17 -I"/Library/Frameworks/R.framework/Resources/include" -DNDEBUG -I../inst/include/ -I'/Library/Frameworks/R.framework/Versions/4.5-arm64/Resources/library/sitmo/include' -I'/Library/Frameworks/R.framework/Versions/4.5-arm64/Resources/library/Rcpp/include' -I'/Library/Frameworks/R.framework/Versions/4.5-arm64/Resources/library/RcppAnnoy/include' -I'/Library/Frameworks/R.framework/Versions/4.5-arm64/Resources/library/RcppProgress/include' -I/opt/R/arm64/include   -DRCPP_NO_RTTI -fPIC  -falign-functions=64 -Wall -g -O2   -c perplexity.cpp -o perplexity.o
clang++ -arch arm64 -std=gnu++17 -I"/Library/Frameworks/R.framework/Resources/include" -DNDEBUG -I../inst/include/ -I'/Library/Frameworks/R.framework/Versions/4.5-arm64/Resources/library/sitmo/include' -I'/Library/Frameworks/R.framework/Versions/4.5-arm64/Resources/library/Rcpp/include' -I'/Library/Frameworks/R.framework/Versions/4.5-arm64/Resources/library/RcppAnnoy/include' -I'/Library/Frameworks/R.framework/Versions/4.5-arm64/Resources/library/RcppProgress/include' -I/opt/R/arm64/include   -DRCPP_NO_RTTI -fPIC  -falign-functions=64 -Wall -g -O2   -c r_uwot.cpp -o r_uwot.o
clang++ -arch arm64 -std=gnu++17 -I"/Library/Frameworks/R.framework/Resources/include" -DNDEBUG -I../inst/include/ -I'/Library/Frameworks/R.framework/Versions/4.5-arm64/Resources/library/sitmo/include' -I'/Library/Frameworks/R.framework/Versions/4.5-arm64/Resources/library/Rcpp/include' -I'/Library/Frameworks/R.framework/Versions/4.5-arm64/Resources/library/RcppAnnoy/include' -I'/Library/Frameworks/R.framework/Versions/4.5-arm64/Resources/library/RcppProgress/include' -I/opt/R/arm64/include   -DRCPP_NO_RTTI -fPIC  -falign-functions=64 -Wall -g -O2   -c smooth_knn.cpp -o smooth_knn.o
clang++ -arch arm64 -std=gnu++17 -I"/Library/Frameworks/R.framework/Resources/include" -DNDEBUG -I../inst/include/ -I'/Library/Frameworks/R.framework/Versions/4.5-arm64/Resources/library/sitmo/include' -I'/Library/Frameworks/R.framework/Versions/4.5-arm64/Resources/library/Rcpp/include' -I'/Library/Frameworks/R.framework/Versions/4.5-arm64/Resources/library/RcppAnnoy/include' -I'/Library/Frameworks/R.framework/Versions/4.5-arm64/Resources/library/RcppProgress/include' -I/opt/R/arm64/include   -DRCPP_NO_RTTI -fPIC  -falign-functions=64 -Wall -g -O2   -c supervised.cpp -o supervised.o
clang++ -arch arm64 -std=gnu++17 -I"/Library/Frameworks/R.framework/Resources/include" -DNDEBUG -I../inst/include/ -I'/Library/Frameworks/R.framework/Versions/4.5-arm64/Resources/library/sitmo/include' -I'/Library/Frameworks/R.framework/Versions/4.5-arm64/Resources/library/Rcpp/include' -I'/Library/Frameworks/R.framework/Versions/4.5-arm64/Resources/library/RcppAnnoy/include' -I'/Library/Frameworks/R.framework/Versions/4.5-arm64/Resources/library/RcppProgress/include' -I/opt/R/arm64/include   -DRCPP_NO_RTTI -fPIC  -falign-functions=64 -Wall -g -O2   -c thread.cpp -o thread.o
clang++ -arch arm64 -std=gnu++17 -I"/Library/Frameworks/R.framework/Resources/include" -DNDEBUG -I../inst/include/ -I'/Library/Frameworks/R.framework/Versions/4.5-arm64/Resources/library/sitmo/include' -I'/Library/Frameworks/R.framework/Versions/4.5-arm64/Resources/library/Rcpp/include' -I'/Library/Frameworks/R.framework/Versions/4.5-arm64/Resources/library/RcppAnnoy/include' -I'/Library/Frameworks/R.framework/Versions/4.5-arm64/Resources/library/RcppProgress/include' -I/opt/R/arm64/include   -DRCPP_NO_RTTI -fPIC  -falign-functions=64 -Wall -g -O2   -c transform.cpp -o transform.o
clang++ -arch arm64 -std=gnu++17 -dynamiclib -Wl,-headerpad_max_install_names -undefined dynamic_lookup -L/Library/Frameworks/R.framework/Resources/lib -L/opt/R/arm64/lib -o uwotlite.so RcppExports.o connected_components.o nn_parallel.o perplexity.o r_uwot.o smooth_knn.o supervised.o thread.o transform.o -F/Library/Frameworks/R.framework/.. -framework R
installing to /Users/rmsharp/Documents/R_packages/uwotlite/uwotlite.Rcheck/00LOCK-uwotlite/00new/uwotlite/libs
** R
** inst
** byte-compile and prepare package for lazy loading
** help
*** installing help indices
*** copying figures
** building package indices
** installing vignettes
** testing if installed package can be loaded from temporary location
** checking absolute paths in shared objects and dynamic libraries
** testing if installed package can be loaded from final location
** testing if installed package keeps a record of temporary installation path
* DONE (uwotlite)
