Hmm ... looks like a package
Converting parsed Rd's to LaTeX .
Creating pdf output from LaTeX ...

This is pdfTeX, Version 3.141592653-2.6-1.40.26 (TeX Live 2024) (preloaded format=pdflatex)
 restricted \write18 enabled.
entering extended mode
LaTeX2e <2023-11-01> patch level 1
L3 programming layer <2024-02-20>
(./Rd2.tex
(/usr/local/texlive/2024/texmf-dist/tex/latex/base/book.cls
Document Class: book 2023/05/17 v1.4n Standard LaTeX document class
(/usr/local/texlive/2024/texmf-dist/tex/latex/base/bk10.clo))
(/Library/Frameworks/R.framework/Resources/share/texmf/tex/latex/Rd.sty
(/usr/local/texlive/2024/texmf-dist/tex/latex/base/ifthen.sty)
(/usr/local/texlive/2024/texmf-dist/tex/generic/iftex/iftex.sty)
(/usr/local/texlive/2024/texmf-dist/tex/latex/tools/longtable.sty)
(/usr/local/texlive/2024/texmf-dist/tex/latex/tools/bm.sty)
(/usr/local/texlive/2024/texmf-dist/tex/latex/base/alltt.sty)
(/usr/local/texlive/2024/texmf-dist/tex/latex/tools/verbatim.sty)
(/usr/local/texlive/2024/texmf-dist/tex/latex/url/url.sty)
(/usr/local/texlive/2024/texmf-dist/tex/latex/base/textcomp.sty)
(/usr/local/texlive/2024/texmf-dist/tex/latex/amsmath/amsmath.sty
For additional information on amsmath, use the `?' option.
(/usr/local/texlive/2024/texmf-dist/tex/latex/amsmath/amstext.sty
(/usr/local/texlive/2024/texmf-dist/tex/latex/amsmath/amsgen.sty))
(/usr/local/texlive/2024/texmf-dist/tex/latex/amsmath/amsbsy.sty)
(/usr/local/texlive/2024/texmf-dist/tex/latex/amsmath/amsopn.sty))
(/usr/local/texlive/2024/texmf-dist/tex/latex/amsfonts/amsfonts.sty)
(/usr/local/texlive/2024/texmf-dist/tex/latex/amsfonts/amssymb.sty)
(/usr/local/texlive/2024/texmf-dist/tex/latex/jknapltx/mathrsfs.sty)
(/usr/local/texlive/2024/texmf-dist/tex/latex/base/fontenc.sty)
(/usr/local/texlive/2024/texmf-dist/tex/latex/psnfss/times.sty)
(/usr/local/texlive/2024/texmf-dist/tex/latex/inconsolata/zi4.sty
`inconsolata-zi4' v1.12, 2019/05/17 Text macros for Inconsolata (msharpe)
(/usr/local/texlive/2024/texmf-dist/tex/latex/xkeyval/xkeyval.sty
(/usr/local/texlive/2024/texmf-dist/tex/generic/xkeyval/xkeyval.tex
(/usr/local/texlive/2024/texmf-dist/tex/generic/xkeyval/xkvutils.tex
(/usr/local/texlive/2024/texmf-dist/tex/generic/xkeyval/keyval.tex)))))
(/usr/local/texlive/2024/texmf-dist/tex/latex/graphics/color.sty
(/usr/local/texlive/2024/texmf-dist/tex/latex/graphics-cfg/color.cfg)
(/usr/local/texlive/2024/texmf-dist/tex/latex/graphics-def/pdftex.def)
(/usr/local/texlive/2024/texmf-dist/tex/latex/graphics/mathcolor.ltx))
(/usr/local/texlive/2024/texmf-dist/tex/latex/hyperref/hyperref.sty
(/usr/local/texlive/2024/texmf-dist/tex/latex/kvsetkeys/kvsetkeys.sty)
(/usr/local/texlive/2024/texmf-dist/tex/generic/kvdefinekeys/kvdefinekeys.sty)
(/usr/local/texlive/2024/texmf-dist/tex/generic/pdfescape/pdfescape.sty
(/usr/local/texlive/2024/texmf-dist/tex/generic/ltxcmds/ltxcmds.sty)
(/usr/local/texlive/2024/texmf-dist/tex/generic/pdftexcmds/pdftexcmds.sty
(/usr/local/texlive/2024/texmf-dist/tex/generic/infwarerr/infwarerr.sty)))
(/usr/local/texlive/2024/texmf-dist/tex/latex/hycolor/hycolor.sty)
(/usr/local/texlive/2024/texmf-dist/tex/latex/auxhook/auxhook.sty)
(/usr/local/texlive/2024/texmf-dist/tex/latex/hyperref/nameref.sty
(/usr/local/texlive/2024/texmf-dist/tex/latex/refcount/refcount.sty)
(/usr/local/texlive/2024/texmf-dist/tex/generic/gettitlestring/gettitlestring.s
ty (/usr/local/texlive/2024/texmf-dist/tex/latex/kvoptions/kvoptions.sty)))
(/usr/local/texlive/2024/texmf-dist/tex/latex/etoolbox/etoolbox.sty)
(/usr/local/texlive/2024/texmf-dist/tex/latex/hyperref/pd1enc.def)
(/usr/local/texlive/2024/texmf-dist/tex/generic/intcalc/intcalc.sty)
(/usr/local/texlive/2024/texmf-dist/tex/latex/hyperref/puenc.def)
(/usr/local/texlive/2024/texmf-dist/tex/generic/bitset/bitset.sty
(/usr/local/texlive/2024/texmf-dist/tex/generic/bigintcalc/bigintcalc.sty))
(/usr/local/texlive/2024/texmf-dist/tex/latex/base/atbegshi-ltx.sty))
(/usr/local/texlive/2024/texmf-dist/tex/latex/hyperref/hpdftex.def
(/usr/local/texlive/2024/texmf-dist/tex/latex/base/atveryend-ltx.sty)
(/usr/local/texlive/2024/texmf-dist/tex/latex/rerunfilecheck/rerunfilecheck.sty

(/usr/local/texlive/2024/texmf-dist/tex/generic/uniquecounter/uniquecounter.sty
)))) (/usr/local/texlive/2024/texmf-dist/tex/latex/base/makeidx.sty)
Writing index file Rd2.idx
(/usr/local/texlive/2024/texmf-dist/tex/latex/psnfss/t1ptm.fd)
(/usr/local/texlive/2024/texmf-dist/tex/latex/l3backend/l3backend-pdftex.def)
No file Rd2.aux.
(/usr/local/texlive/2024/texmf-dist/tex/context/base/mkii/supp-pdf.mkii
[Loading MPS to PDF converter (version 2006.09.02).]
) (/usr/local/texlive/2024/texmf-dist/tex/latex/psnfss/ts1ptm.fd)
(/usr/local/texlive/2024/texmf-dist/tex/latex/inconsolata/t1zi4.fd)
(/usr/local/texlive/2024/texmf-dist/tex/latex/amsfonts/umsa.fd)
(/usr/local/texlive/2024/texmf-dist/tex/latex/amsfonts/umsb.fd)
(/usr/local/texlive/2024/texmf-dist/tex/latex/jknapltx/ursfs.fd)
No file Rd2.toc.
[1{/usr/local/texlive/2024/texmf-var/fonts/map/pdftex/updmap/pdftex.map}{/usr/l
ocal/texlive/2024/texmf-dist/fonts/enc/dvips/base/8r.enc}{/usr/local/texlive/20
24/texmf-dist/fonts/enc/dvips/inconsolata/i4-t1-0.enc}]
Overfull \hbox (0.37827pt too wide) in paragraph at lines 74--79
\T1/ptm/m/n/10 model. This di-rec-tory can-not be re-moved un-til this model ha
s been un-loaded by us-ing [][][]\T1/zi4/m/n/10 unload_uwot[][][][]\T1/ptm/m/n/
10 . 
(/usr/local/texlive/2024/texmf-dist/tex/latex/inconsolata/ts1zi4.fd) [2{/usr/lo
cal/texlive/2024/texmf-dist/fonts/enc/dvips/inconsolata/i4-ts1.enc}] [3]
Overfull \hbox (21.78897pt too wide) in paragraph at lines 193--196
\T1/ptm/m/n/10 This is the anal-o-gous to []\T1/zi4/m/n/10 n_neighbors []\T1/pt
m/m/n/10 in [][][]\T1/zi4/m/n/10 umap[][][][]\T1/ptm/m/n/10 . Change this, rath
er than []\T1/zi4/m/n/10 n_neighbors[]\T1/ptm/m/n/10 . 
[4] [5]
Overfull \hbox (2.74922pt too wide) in paragraph at lines 328--332
[]\T1/zi4/m/n/10 "agspectral" []\T1/ptm/m/n/10 An "ap-prox-i-mate global" mod-i
-fi-ca-tion of []\T1/zi4/m/n/10 "spectral" []\T1/ptm/m/n/10 which

Overfull \hbox (52.37921pt too wide) in paragraph at lines 336--344
[]\T1/ptm/m/n/10 For spec-tral ini-tial-iza-tions, ([]\T1/zi4/m/n/10 "spectral"
[]\T1/ptm/m/n/10 , []\T1/zi4/m/n/10 "normlaplacian"[]\T1/ptm/m/n/10 , []\T1/zi4
/m/n/10 "laplacian"[]\T1/ptm/m/n/10 , []\T1/zi4/m/n/10 "agspectral"[]\T1/ptm/m/
n/10 ),
[6]
Overfull \hbox (19.64888pt too wide) in paragraph at lines 387--393
\T1/ptm/m/n/10 bor De-scent method (Dong et al., 2011) via the [][]rn-nde-s-cen
t[][] pack-age. []\T1/zi4/m/n/10 rnndescent

Overfull \hbox (8.11797pt too wide) in paragraph at lines 419--424
\T1/ptm/m/n/10 more trees spec-i-fied, the larger the in-dex, but the bet-ter t
he re-sults. With []\T1/zi4/m/n/10 search_k[]\T1/ptm/m/n/10 ,
[7] [8] [9] [10]
Overfull \hbox (8.12808pt too wide) in paragraph at lines 704--707
[]\T1/ptm/m/n/10 Nearest neigh-bor re-sults are not re-fined via the neighbor-o
f-my-neighbor method. The []\T1/zi4/m/n/10 search_k

Overfull \hbox (69.28088pt too wide) in paragraph at lines 744--749
\T1/zi4/m/n/10 nips . cc / paper / 1961-[]laplacian-[]eigenmaps-[]and-[]spectra
l-[]techniques-[]for-[]embedding-[]and-[]clustering .
[11] [12] [13]
Overfull \hbox (2.74922pt too wide) in paragraph at lines 912--916
[]\T1/zi4/m/n/10 "agspectral" []\T1/ptm/m/n/10 An "ap-prox-i-mate global" mod-i
-fi-ca-tion of []\T1/zi4/m/n/10 "spectral" []\T1/ptm/m/n/10 which

Overfull \hbox (52.37921pt too wide) in paragraph at lines 920--928
[]\T1/ptm/m/n/10 For spec-tral ini-tial-iza-tions, ([]\T1/zi4/m/n/10 "spectral"
[]\T1/ptm/m/n/10 , []\T1/zi4/m/n/10 "normlaplacian"[]\T1/ptm/m/n/10 , []\T1/zi4
/m/n/10 "laplacian"[]\T1/ptm/m/n/10 , []\T1/zi4/m/n/10 "agspectral"[]\T1/ptm/m/
n/10 ),
[14]
Overfull \hbox (77.55087pt too wide) in paragraph at lines 986--989
[][]$\T1/zi4/m/n/10 https : / / martin . ankerl . com / 2012 / 01 / 25 / optimi
zed-[]approximative-[]pow-[]in-[]c-[]and-[]cpp/$[][]\T1/ptm/m/n/10 . 
[15] [16] [17] [18] [19] [20] [21]
Overfull \hbox (19.64888pt too wide) in paragraph at lines 1444--1450
\T1/ptm/m/n/10 bor De-scent method (Dong et al., 2011) via the [][]rn-nde-s-cen
t[][] pack-age. []\T1/zi4/m/n/10 rnndescent

Overfull \hbox (8.11797pt too wide) in paragraph at lines 1480--1485
\T1/ptm/m/n/10 more trees spec-i-fied, the larger the in-dex, but the bet-ter t
he re-sults. With []\T1/zi4/m/n/10 search_k[]\T1/ptm/m/n/10 ,
[22]
Overfull \hbox (40.42746pt too wide) in paragraph at lines 1518--1526
[]\T1/ptm/m/n/10 Numeric data. []\T1/zi4/m/n/10 NA []\T1/ptm/m/n/10 is \T1/ptm/
m/it/10 not \T1/ptm/m/n/10 al-lowed in this case. Use the pa-ram-e-ter []\T1/zi
4/m/n/10 target_n_neighbors
[23] [24]
Overfull \hbox (2.50864pt too wide) in paragraph at lines 1710--1716
[]\T1/zi4/m/n/10 epsilon []\T1/ptm/m/n/10 Con-trols the de-gree of the back-tra
cking when travers-ing the search
[25] [26] [27] [28] [29] [30] [31]
Overfull \hbox (2.74922pt too wide) in paragraph at lines 2128--2132
[]\T1/zi4/m/n/10 "agspectral" []\T1/ptm/m/n/10 An "ap-prox-i-mate global" mod-i
-fi-ca-tion of []\T1/zi4/m/n/10 "spectral" []\T1/ptm/m/n/10 which

Overfull \hbox (52.37921pt too wide) in paragraph at lines 2136--2144
[]\T1/ptm/m/n/10 For spec-tral ini-tial-iza-tions, ([]\T1/zi4/m/n/10 "spectral"
[]\T1/ptm/m/n/10 , []\T1/zi4/m/n/10 "normlaplacian"[]\T1/ptm/m/n/10 , []\T1/zi4
/m/n/10 "laplacian"[]\T1/ptm/m/n/10 , []\T1/zi4/m/n/10 "agspectral"[]\T1/ptm/m/
n/10 ),
[32]
Overfull \hbox (1.01804pt too wide) in paragraph at lines 2177--2181
\T1/ptm/m/n/10 Lapla-cian Eigen-maps. Larger val-ues in-duce more con-nec-tiv-i
ty and a more global

Overfull \hbox (19.64888pt too wide) in paragraph at lines 2206--2212
\T1/ptm/m/n/10 bor De-scent method (Dong et al., 2011) via the [][]rn-nde-s-cen
t[][] pack-age. []\T1/zi4/m/n/10 rnndescent

Overfull \hbox (8.11797pt too wide) in paragraph at lines 2242--2247
\T1/ptm/m/n/10 more trees spec-i-fied, the larger the in-dex, but the bet-ter t
he re-sults. With []\T1/zi4/m/n/10 search_k[]\T1/ptm/m/n/10 ,
[33]
Overfull \hbox (40.42746pt too wide) in paragraph at lines 2291--2299
[]\T1/ptm/m/n/10 Numeric data. []\T1/zi4/m/n/10 NA []\T1/ptm/m/n/10 is \T1/ptm/
m/it/10 not \T1/ptm/m/n/10 al-lowed in this case. Use the pa-ram-e-ter []\T1/zi
4/m/n/10 target_n_neighbors
[34] [35] [36] [37]
Overfull \hbox (2.50864pt too wide) in paragraph at lines 2575--2581
[]\T1/zi4/m/n/10 epsilon []\T1/ptm/m/n/10 Con-trols the de-gree of the back-tra
cking when travers-ing the search
[38]
Overfull \hbox (2.50864pt too wide) in paragraph at lines 2626--2632
[]\T1/zi4/m/n/10 epsilon []\T1/ptm/m/n/10 Con-trols the de-gree of the back-tra
cking when travers-ing the search
[39]
Overfull \hbox (69.28088pt too wide) in paragraph at lines 2702--2707
\T1/zi4/m/n/10 nips . cc / paper / 1961-[]laplacian-[]eigenmaps-[]and-[]spectra
l-[]techniques-[]for-[]embedding-[]and-[]clustering .
[40] [41] [42] [43]
Overfull \hbox (2.74922pt too wide) in paragraph at lines 2982--2986
[]\T1/zi4/m/n/10 "agspectral" []\T1/ptm/m/n/10 An "ap-prox-i-mate global" mod-i
-fi-ca-tion of []\T1/zi4/m/n/10 "spectral" []\T1/ptm/m/n/10 which

Overfull \hbox (52.37921pt too wide) in paragraph at lines 2990--2998
[]\T1/ptm/m/n/10 For spec-tral ini-tial-iza-tions, ([]\T1/zi4/m/n/10 "spectral"
[]\T1/ptm/m/n/10 , []\T1/zi4/m/n/10 "normlaplacian"[]\T1/ptm/m/n/10 , []\T1/zi4
/m/n/10 "laplacian"[]\T1/ptm/m/n/10 , []\T1/zi4/m/n/10 "agspectral"[]\T1/ptm/m/
n/10 ),
[44]
Overfull \hbox (1.01804pt too wide) in paragraph at lines 3042--3046
\T1/ptm/m/n/10 Lapla-cian Eigen-maps. Larger val-ues in-duce more con-nec-tiv-i
ty and a more global
[45]
Overfull \hbox (19.64888pt too wide) in paragraph at lines 3079--3085
\T1/ptm/m/n/10 bor De-scent method (Dong et al., 2011) via the [][]rn-nde-s-cen
t[][] pack-age. []\T1/zi4/m/n/10 rnndescent

Overfull \hbox (8.11797pt too wide) in paragraph at lines 3115--3120
\T1/ptm/m/n/10 more trees spec-i-fied, the larger the in-dex, but the bet-ter t
he re-sults. With []\T1/zi4/m/n/10 search_k[]\T1/ptm/m/n/10 ,

Overfull \hbox (77.55087pt too wide) in paragraph at lines 3126--3130
[][]$\T1/zi4/m/n/10 https : / / martin . ankerl . com / 2012 / 01 / 25 / optimi
zed-[]approximative-[]pow-[]in-[]c-[]and-[]cpp/$[][]\T1/ptm/m/n/10 .

Overfull \hbox (40.42746pt too wide) in paragraph at lines 3142--3150
[]\T1/ptm/m/n/10 Numeric data. []\T1/zi4/m/n/10 NA []\T1/ptm/m/n/10 is \T1/ptm/
m/it/10 not \T1/ptm/m/n/10 al-lowed in this case. Use the pa-ram-e-ter []\T1/zi
4/m/n/10 target_n_neighbors
[46] [47] [48] [49] [50]
Overfull \hbox (2.50864pt too wide) in paragraph at lines 3461--3467
[]\T1/zi4/m/n/10 epsilon []\T1/ptm/m/n/10 Con-trols the de-gree of the back-tra
cking when travers-ing the search
[51]
Overfull \hbox (69.28088pt too wide) in paragraph at lines 3529--3534
\T1/zi4/m/n/10 nips . cc / paper / 1961-[]laplacian-[]eigenmaps-[]and-[]spectra
l-[]techniques-[]for-[]embedding-[]and-[]clustering .
[52]
Overfull \hbox (11.23795pt too wide) in paragraph at lines 3602--3602
 []\T1/zi4/m/n/9 iris_umap <- umap(iris30, n_neighbors = 5, learning_rate = 0.5
, init = "random", n_epochs = 20)[] 

Overfull \hbox (24.72874pt too wide) in paragraph at lines 3610--3610
 []\T1/zi4/m/n/9 iris_umap <- umap(iris30, n_neighbors = 5, min_dist = 1, sprea
d = 5, nn_method = nn, n_epochs = 20)[] 
[53] [54] [55]
Overfull \hbox (2.74922pt too wide) in paragraph at lines 3835--3839
[]\T1/zi4/m/n/10 "agspectral" []\T1/ptm/m/n/10 An "ap-prox-i-mate global" mod-i
-fi-ca-tion of []\T1/zi4/m/n/10 "spectral" []\T1/ptm/m/n/10 which

Overfull \hbox (52.37921pt too wide) in paragraph at lines 3843--3851
[]\T1/ptm/m/n/10 For spec-tral ini-tial-iza-tions, ([]\T1/zi4/m/n/10 "spectral"
[]\T1/ptm/m/n/10 , []\T1/zi4/m/n/10 "normlaplacian"[]\T1/ptm/m/n/10 , []\T1/zi4
/m/n/10 "laplacian"[]\T1/ptm/m/n/10 , []\T1/zi4/m/n/10 "agspectral"[]\T1/ptm/m/
n/10 ),
[56]
Overfull \hbox (1.01804pt too wide) in paragraph at lines 3890--3894
\T1/ptm/m/n/10 Lapla-cian Eigen-maps. Larger val-ues in-duce more con-nec-tiv-i
ty and a more global
[57]
Overfull \hbox (19.64888pt too wide) in paragraph at lines 3927--3933
\T1/ptm/m/n/10 bor De-scent method (Dong et al., 2011) via the [][]rn-nde-s-cen
t[][] pack-age. []\T1/zi4/m/n/10 rnndescent

Overfull \hbox (8.11797pt too wide) in paragraph at lines 3961--3966
\T1/ptm/m/n/10 more trees spec-i-fied, the larger the in-dex, but the bet-ter t
he re-sults. With []\T1/zi4/m/n/10 search_k[]\T1/ptm/m/n/10 ,

Overfull \hbox (77.55087pt too wide) in paragraph at lines 3972--3976
[][]$\T1/zi4/m/n/10 https : / / martin . ankerl . com / 2012 / 01 / 25 / optimi
zed-[]approximative-[]pow-[]in-[]c-[]and-[]cpp/$[][]\T1/ptm/m/n/10 .

Overfull \hbox (40.42746pt too wide) in paragraph at lines 3988--3996
[]\T1/ptm/m/n/10 Numeric data. []\T1/zi4/m/n/10 NA []\T1/ptm/m/n/10 is \T1/ptm/
m/it/10 not \T1/ptm/m/n/10 al-lowed in this case. Use the pa-ram-e-ter []\T1/zi
4/m/n/10 target_n_neighbors
[58] [59] [60] [61] [62]
Overfull \hbox (2.50864pt too wide) in paragraph at lines 4308--4314
[]\T1/zi4/m/n/10 epsilon []\T1/ptm/m/n/10 Con-trols the de-gree of the back-tra
cking when travers-ing the search

Underfull \vbox (badness 1910) has occurred while \output is active [63]
Overfull \hbox (69.28088pt too wide) in paragraph at lines 4401--4406
\T1/zi4/m/n/10 nips . cc / paper / 1961-[]laplacian-[]eigenmaps-[]and-[]spectra
l-[]techniques-[]for-[]embedding-[]and-[]clustering .
[64] [65]
Overfull \hbox (12.69908pt too wide) in paragraph at lines 4520--4525
\T1/ptm/m/n/10 ger in-dexes of the data used to gen-er-ate the []\T1/zi4/m/n/10
 model[]\T1/ptm/m/n/10 , which are the []\T1/zi4/m/n/10 n_neighbors[]\T1/ptm/m/
n/10 -

Overfull \hbox (0.9199pt too wide) in paragraph at lines 4530--4543
\T1/ptm/m/n/10 with di-men-sions []\T1/zi4/m/n/10 n_model_vertices x n_vertices
[]\T1/ptm/m/n/10 . where []\T1/zi4/m/n/10 n_model_vertices
[66] [67]
Overfull \hbox (1.62897pt too wide) in paragraph at lines 4658--4662
[]\T1/zi4/m/n/10 fixed_coords []\T1/ptm/m/n/10 The orig-i-nally em-bed-ded co-o
r-di-nates from the []\T1/zi4/m/n/10 model[]\T1/ptm/m/n/10 . These

Overfull \hbox (20.91826pt too wide) in paragraph at lines 4658--4662
\T1/ptm/m/n/10 are fixed and do not change. A ma-trix with di-men-sions (Nmodel
, []\T1/zi4/m/n/10 n_components[]\T1/ptm/m/n/10 )
[68] [69]
No file Rd2.ind.
[70]
(/private/var/folders/dg/yk5mzc3n7jj8dfhdj7wspyy80000gn/T/RtmpuG7uCT/Rd2pdfcc1b
938d0a2/Rd2.aux)

Package rerunfilecheck Warning: File `Rd2.out' has changed.
(rerunfilecheck)                Rerun to get outlines right
(rerunfilecheck)                or use package `bookmark'.

 )
(see the transcript file for additional information)
pdfTeX warning (dest): name{Rfn.set.seed} has been referenced but does not exis
t, replaced by a fixed one


pdfTeX warning (dest): name{Rfn.svd} has been referenced but does not exist, re
placed by a fixed one


pdfTeX warning (dest): name{Rfn.big.Rul.randomSVD} has been referenced but does
 not exist, replaced by a fixed one


pdfTeX warning (dest): name{Rfn.svdr} has been referenced but does not exist, r
eplaced by a fixed one


pdfTeX warning (dest): name{Rfn.prcomp.Rul.irlba} has been referenced but does 
not exist, replaced by a fixed one


pdfTeX warning (dest): name{Rfn.tempdir} has been referenced but does not exist
, replaced by a fixed one


pdfTeX warning (dest): name{Rfn.dgCMatrix.Rdash.class} has been referenced but 
does not exist, replaced by a fixed one


pdfTeX warning (dest): name{Rfn.tempfile} has been referenced but does not exis
t, replaced by a fixed one


pdfTeX warning (dest): name{Rfn.sparseMatrix} has been referenced but does not 
exist, replaced by a fixed one


pdfTeX warning (dest): name{Rfn.dist} has been referenced but does not exist, r
eplaced by a fixed one


pdfTeX warning (dest): name{Rfn.matrix} has been referenced but does not exist,
 replaced by a fixed one


pdfTeX warning (dest): name{Rfn.data.frame} has been referenced but does not ex
ist, replaced by a fixed one

</usr/local/texlive/2024/texmf-dist/fonts/type1/public/inconsolata/Inconsolata-
zi4r.pfb></usr/local/texlive/2024/texmf-dist/fonts/type1/urw/times/utmb8a.pfb><
/usr/local/texlive/2024/texmf-dist/fonts/type1/urw/times/utmr8a.pfb></usr/local
/texlive/2024/texmf-dist/fonts/type1/urw/times/utmr8a.pfb></usr/local/texlive/2
024/texmf-dist/fonts/type1/urw/times/utmri8a.pfb>
Output written on Rd2.pdf (70 pages, 300983 bytes).
Transcript written on Rd2.log.
This is makeindex, version 2.17 [TeX Live 2024] (kpathsea + Thai support).
Scanning input file Rd2.idx....done (129 entries accepted, 0 rejected).
Sorting entries....done (1017 comparisons).
Generating output file Rd2.ind....done (129 lines written, 0 warnings).
Output written in Rd2.ind.
Transcript written in Rd2.ilg.
This is pdfTeX, Version 3.141592653-2.6-1.40.26 (TeX Live 2024) (preloaded format=pdflatex)
 restricted \write18 enabled.
entering extended mode
LaTeX2e <2023-11-01> patch level 1
L3 programming layer <2024-02-20>
(./Rd2.tex
(/usr/local/texlive/2024/texmf-dist/tex/latex/base/book.cls
Document Class: book 2023/05/17 v1.4n Standard LaTeX document class
(/usr/local/texlive/2024/texmf-dist/tex/latex/base/bk10.clo))
(/Library/Frameworks/R.framework/Resources/share/texmf/tex/latex/Rd.sty
(/usr/local/texlive/2024/texmf-dist/tex/latex/base/ifthen.sty)
(/usr/local/texlive/2024/texmf-dist/tex/generic/iftex/iftex.sty)
(/usr/local/texlive/2024/texmf-dist/tex/latex/tools/longtable.sty)
(/usr/local/texlive/2024/texmf-dist/tex/latex/tools/bm.sty)
(/usr/local/texlive/2024/texmf-dist/tex/latex/base/alltt.sty)
(/usr/local/texlive/2024/texmf-dist/tex/latex/tools/verbatim.sty)
(/usr/local/texlive/2024/texmf-dist/tex/latex/url/url.sty)
(/usr/local/texlive/2024/texmf-dist/tex/latex/base/textcomp.sty)
(/usr/local/texlive/2024/texmf-dist/tex/latex/amsmath/amsmath.sty
For additional information on amsmath, use the `?' option.
(/usr/local/texlive/2024/texmf-dist/tex/latex/amsmath/amstext.sty
(/usr/local/texlive/2024/texmf-dist/tex/latex/amsmath/amsgen.sty))
(/usr/local/texlive/2024/texmf-dist/tex/latex/amsmath/amsbsy.sty)
(/usr/local/texlive/2024/texmf-dist/tex/latex/amsmath/amsopn.sty))
(/usr/local/texlive/2024/texmf-dist/tex/latex/amsfonts/amsfonts.sty)
(/usr/local/texlive/2024/texmf-dist/tex/latex/amsfonts/amssymb.sty)
(/usr/local/texlive/2024/texmf-dist/tex/latex/jknapltx/mathrsfs.sty)
(/usr/local/texlive/2024/texmf-dist/tex/latex/base/fontenc.sty)
(/usr/local/texlive/2024/texmf-dist/tex/latex/psnfss/times.sty)
(/usr/local/texlive/2024/texmf-dist/tex/latex/inconsolata/zi4.sty
`inconsolata-zi4' v1.12, 2019/05/17 Text macros for Inconsolata (msharpe)
(/usr/local/texlive/2024/texmf-dist/tex/latex/xkeyval/xkeyval.sty
(/usr/local/texlive/2024/texmf-dist/tex/generic/xkeyval/xkeyval.tex
(/usr/local/texlive/2024/texmf-dist/tex/generic/xkeyval/xkvutils.tex
(/usr/local/texlive/2024/texmf-dist/tex/generic/xkeyval/keyval.tex)))))
(/usr/local/texlive/2024/texmf-dist/tex/latex/graphics/color.sty
(/usr/local/texlive/2024/texmf-dist/tex/latex/graphics-cfg/color.cfg)
(/usr/local/texlive/2024/texmf-dist/tex/latex/graphics-def/pdftex.def)
(/usr/local/texlive/2024/texmf-dist/tex/latex/graphics/mathcolor.ltx))
(/usr/local/texlive/2024/texmf-dist/tex/latex/hyperref/hyperref.sty
(/usr/local/texlive/2024/texmf-dist/tex/latex/kvsetkeys/kvsetkeys.sty)
(/usr/local/texlive/2024/texmf-dist/tex/generic/kvdefinekeys/kvdefinekeys.sty)
(/usr/local/texlive/2024/texmf-dist/tex/generic/pdfescape/pdfescape.sty
(/usr/local/texlive/2024/texmf-dist/tex/generic/ltxcmds/ltxcmds.sty)
(/usr/local/texlive/2024/texmf-dist/tex/generic/pdftexcmds/pdftexcmds.sty
(/usr/local/texlive/2024/texmf-dist/tex/generic/infwarerr/infwarerr.sty)))
(/usr/local/texlive/2024/texmf-dist/tex/latex/hycolor/hycolor.sty)
(/usr/local/texlive/2024/texmf-dist/tex/latex/auxhook/auxhook.sty)
(/usr/local/texlive/2024/texmf-dist/tex/latex/hyperref/nameref.sty
(/usr/local/texlive/2024/texmf-dist/tex/latex/refcount/refcount.sty)
(/usr/local/texlive/2024/texmf-dist/tex/generic/gettitlestring/gettitlestring.s
ty (/usr/local/texlive/2024/texmf-dist/tex/latex/kvoptions/kvoptions.sty)))
(/usr/local/texlive/2024/texmf-dist/tex/latex/etoolbox/etoolbox.sty)
(/usr/local/texlive/2024/texmf-dist/tex/latex/hyperref/pd1enc.def)
(/usr/local/texlive/2024/texmf-dist/tex/generic/intcalc/intcalc.sty)
(/usr/local/texlive/2024/texmf-dist/tex/latex/hyperref/puenc.def)
(/usr/local/texlive/2024/texmf-dist/tex/generic/bitset/bitset.sty
(/usr/local/texlive/2024/texmf-dist/tex/generic/bigintcalc/bigintcalc.sty))
(/usr/local/texlive/2024/texmf-dist/tex/latex/base/atbegshi-ltx.sty))
(/usr/local/texlive/2024/texmf-dist/tex/latex/hyperref/hpdftex.def
(/usr/local/texlive/2024/texmf-dist/tex/latex/base/atveryend-ltx.sty)
(/usr/local/texlive/2024/texmf-dist/tex/latex/rerunfilecheck/rerunfilecheck.sty

(/usr/local/texlive/2024/texmf-dist/tex/generic/uniquecounter/uniquecounter.sty
)))) (/usr/local/texlive/2024/texmf-dist/tex/latex/base/makeidx.sty)
Writing index file Rd2.idx
(/usr/local/texlive/2024/texmf-dist/tex/latex/psnfss/t1ptm.fd)
(/usr/local/texlive/2024/texmf-dist/tex/latex/l3backend/l3backend-pdftex.def)
(/private/var/folders/dg/yk5mzc3n7jj8dfhdj7wspyy80000gn/T/RtmpuG7uCT/Rd2pdfcc1b
938d0a2/Rd2.aux)
(/usr/local/texlive/2024/texmf-dist/tex/context/base/mkii/supp-pdf.mkii
[Loading MPS to PDF converter (version 2006.09.02).]
)
(/private/var/folders/dg/yk5mzc3n7jj8dfhdj7wspyy80000gn/T/RtmpuG7uCT/Rd2pdfcc1b
938d0a2/Rd2.out)
(/private/var/folders/dg/yk5mzc3n7jj8dfhdj7wspyy80000gn/T/RtmpuG7uCT/Rd2pdfcc1b
938d0a2/Rd2.out) (/usr/local/texlive/2024/texmf-dist/tex/latex/psnfss/ts1ptm.fd
) (/usr/local/texlive/2024/texmf-dist/tex/latex/inconsolata/t1zi4.fd)
(/usr/local/texlive/2024/texmf-dist/tex/latex/amsfonts/umsa.fd)
(/usr/local/texlive/2024/texmf-dist/tex/latex/amsfonts/umsb.fd)
(/usr/local/texlive/2024/texmf-dist/tex/latex/jknapltx/ursfs.fd)
(/private/var/folders/dg/yk5mzc3n7jj8dfhdj7wspyy80000gn/T/RtmpuG7uCT/Rd2pdfcc1b
938d0a2/Rd2.toc [1{/usr/local/texlive/2024/texmf-var/fonts/map/pdftex/updmap/pd
ftex.map}{/usr/local/texlive/2024/texmf-dist/fonts/enc/dvips/base/8r.enc}{/usr/
local/texlive/2024/texmf-dist/fonts/enc/dvips/inconsolata/i4-t1-0.enc}])
Overfull \hbox (0.37827pt too wide) in paragraph at lines 74--79
\T1/ptm/m/n/10 model. This di-rec-tory can-not be re-moved un-til this model ha
s been un-loaded by us-ing [][][]\T1/zi4/m/n/10 unload_uwot[][][][]\T1/ptm/m/n/
10 . 
[2] (/usr/local/texlive/2024/texmf-dist/tex/latex/inconsolata/ts1zi4.fd)
[3{/usr/local/texlive/2024/texmf-dist/fonts/enc/dvips/inconsolata/i4-ts1.enc}]
Overfull \hbox (21.78897pt too wide) in paragraph at lines 193--196
\T1/ptm/m/n/10 This is the anal-o-gous to []\T1/zi4/m/n/10 n_neighbors []\T1/pt
m/m/n/10 in [][][]\T1/zi4/m/n/10 umap[][][][]\T1/ptm/m/n/10 . Change this, rath
er than []\T1/zi4/m/n/10 n_neighbors[]\T1/ptm/m/n/10 . 
[4] [5]
Overfull \hbox (2.74922pt too wide) in paragraph at lines 328--332
[]\T1/zi4/m/n/10 "agspectral" []\T1/ptm/m/n/10 An "ap-prox-i-mate global" mod-i
-fi-ca-tion of []\T1/zi4/m/n/10 "spectral" []\T1/ptm/m/n/10 which

Overfull \hbox (52.37921pt too wide) in paragraph at lines 336--344
[]\T1/ptm/m/n/10 For spec-tral ini-tial-iza-tions, ([]\T1/zi4/m/n/10 "spectral"
[]\T1/ptm/m/n/10 , []\T1/zi4/m/n/10 "normlaplacian"[]\T1/ptm/m/n/10 , []\T1/zi4
/m/n/10 "laplacian"[]\T1/ptm/m/n/10 , []\T1/zi4/m/n/10 "agspectral"[]\T1/ptm/m/
n/10 ),
[6]
Overfull \hbox (19.64888pt too wide) in paragraph at lines 387--393
\T1/ptm/m/n/10 bor De-scent method (Dong et al., 2011) via the [][]rn-nde-s-cen
t[][] pack-age. []\T1/zi4/m/n/10 rnndescent

Overfull \hbox (8.11797pt too wide) in paragraph at lines 419--424
\T1/ptm/m/n/10 more trees spec-i-fied, the larger the in-dex, but the bet-ter t
he re-sults. With []\T1/zi4/m/n/10 search_k[]\T1/ptm/m/n/10 ,
[7] [8] [9] [10]
Overfull \hbox (8.12808pt too wide) in paragraph at lines 704--707
[]\T1/ptm/m/n/10 Nearest neigh-bor re-sults are not re-fined via the neighbor-o
f-my-neighbor method. The []\T1/zi4/m/n/10 search_k
[11]
Overfull \hbox (69.28088pt too wide) in paragraph at lines 744--749
\T1/zi4/m/n/10 nips . cc / paper / 1961-[]laplacian-[]eigenmaps-[]and-[]spectra
l-[]techniques-[]for-[]embedding-[]and-[]clustering .
[12] [13]
Overfull \hbox (2.74922pt too wide) in paragraph at lines 912--916
[]\T1/zi4/m/n/10 "agspectral" []\T1/ptm/m/n/10 An "ap-prox-i-mate global" mod-i
-fi-ca-tion of []\T1/zi4/m/n/10 "spectral" []\T1/ptm/m/n/10 which

Overfull \hbox (52.37921pt too wide) in paragraph at lines 920--928
[]\T1/ptm/m/n/10 For spec-tral ini-tial-iza-tions, ([]\T1/zi4/m/n/10 "spectral"
[]\T1/ptm/m/n/10 , []\T1/zi4/m/n/10 "normlaplacian"[]\T1/ptm/m/n/10 , []\T1/zi4
/m/n/10 "laplacian"[]\T1/ptm/m/n/10 , []\T1/zi4/m/n/10 "agspectral"[]\T1/ptm/m/
n/10 ),
[14]
Overfull \hbox (77.55087pt too wide) in paragraph at lines 986--989
[][]$\T1/zi4/m/n/10 https : / / martin . ankerl . com / 2012 / 01 / 25 / optimi
zed-[]approximative-[]pow-[]in-[]c-[]and-[]cpp/$[][]\T1/ptm/m/n/10 . 
[15] [16] [17] [18] [19] [20] [21]
Overfull \hbox (19.64888pt too wide) in paragraph at lines 1444--1450
\T1/ptm/m/n/10 bor De-scent method (Dong et al., 2011) via the [][]rn-nde-s-cen
t[][] pack-age. []\T1/zi4/m/n/10 rnndescent

Overfull \hbox (8.11797pt too wide) in paragraph at lines 1480--1485
\T1/ptm/m/n/10 more trees spec-i-fied, the larger the in-dex, but the bet-ter t
he re-sults. With []\T1/zi4/m/n/10 search_k[]\T1/ptm/m/n/10 ,
[22]
Overfull \hbox (40.42746pt too wide) in paragraph at lines 1518--1526
[]\T1/ptm/m/n/10 Numeric data. []\T1/zi4/m/n/10 NA []\T1/ptm/m/n/10 is \T1/ptm/
m/it/10 not \T1/ptm/m/n/10 al-lowed in this case. Use the pa-ram-e-ter []\T1/zi
4/m/n/10 target_n_neighbors
[23] [24] [25]
Overfull \hbox (2.50864pt too wide) in paragraph at lines 1710--1716
[]\T1/zi4/m/n/10 epsilon []\T1/ptm/m/n/10 Con-trols the de-gree of the back-tra
cking when travers-ing the search
[26] [27] [28] [29] [30] [31]
Overfull \hbox (2.74922pt too wide) in paragraph at lines 2128--2132
[]\T1/zi4/m/n/10 "agspectral" []\T1/ptm/m/n/10 An "ap-prox-i-mate global" mod-i
-fi-ca-tion of []\T1/zi4/m/n/10 "spectral" []\T1/ptm/m/n/10 which

Overfull \hbox (52.37921pt too wide) in paragraph at lines 2136--2144
[]\T1/ptm/m/n/10 For spec-tral ini-tial-iza-tions, ([]\T1/zi4/m/n/10 "spectral"
[]\T1/ptm/m/n/10 , []\T1/zi4/m/n/10 "normlaplacian"[]\T1/ptm/m/n/10 , []\T1/zi4
/m/n/10 "laplacian"[]\T1/ptm/m/n/10 , []\T1/zi4/m/n/10 "agspectral"[]\T1/ptm/m/
n/10 ),
[32]
Overfull \hbox (1.01804pt too wide) in paragraph at lines 2177--2181
\T1/ptm/m/n/10 Lapla-cian Eigen-maps. Larger val-ues in-duce more con-nec-tiv-i
ty and a more global

Overfull \hbox (19.64888pt too wide) in paragraph at lines 2206--2212
\T1/ptm/m/n/10 bor De-scent method (Dong et al., 2011) via the [][]rn-nde-s-cen
t[][] pack-age. []\T1/zi4/m/n/10 rnndescent
[33]
Overfull \hbox (8.11797pt too wide) in paragraph at lines 2242--2247
\T1/ptm/m/n/10 more trees spec-i-fied, the larger the in-dex, but the bet-ter t
he re-sults. With []\T1/zi4/m/n/10 search_k[]\T1/ptm/m/n/10 ,

Overfull \hbox (40.42746pt too wide) in paragraph at lines 2291--2299
[]\T1/ptm/m/n/10 Numeric data. []\T1/zi4/m/n/10 NA []\T1/ptm/m/n/10 is \T1/ptm/
m/it/10 not \T1/ptm/m/n/10 al-lowed in this case. Use the pa-ram-e-ter []\T1/zi
4/m/n/10 target_n_neighbors
[34] [35] [36] [37]
Overfull \hbox (2.50864pt too wide) in paragraph at lines 2575--2581
[]\T1/zi4/m/n/10 epsilon []\T1/ptm/m/n/10 Con-trols the de-gree of the back-tra
cking when travers-ing the search
[38]
Overfull \hbox (2.50864pt too wide) in paragraph at lines 2626--2632
[]\T1/zi4/m/n/10 epsilon []\T1/ptm/m/n/10 Con-trols the de-gree of the back-tra
cking when travers-ing the search
[39]
Overfull \hbox (69.28088pt too wide) in paragraph at lines 2702--2707
\T1/zi4/m/n/10 nips . cc / paper / 1961-[]laplacian-[]eigenmaps-[]and-[]spectra
l-[]techniques-[]for-[]embedding-[]and-[]clustering .
[40] [41] [42] [43]
Overfull \hbox (2.74922pt too wide) in paragraph at lines 2982--2986
[]\T1/zi4/m/n/10 "agspectral" []\T1/ptm/m/n/10 An "ap-prox-i-mate global" mod-i
-fi-ca-tion of []\T1/zi4/m/n/10 "spectral" []\T1/ptm/m/n/10 which

Overfull \hbox (52.37921pt too wide) in paragraph at lines 2990--2998
[]\T1/ptm/m/n/10 For spec-tral ini-tial-iza-tions, ([]\T1/zi4/m/n/10 "spectral"
[]\T1/ptm/m/n/10 , []\T1/zi4/m/n/10 "normlaplacian"[]\T1/ptm/m/n/10 , []\T1/zi4
/m/n/10 "laplacian"[]\T1/ptm/m/n/10 , []\T1/zi4/m/n/10 "agspectral"[]\T1/ptm/m/
n/10 ),
[44]
Overfull \hbox (1.01804pt too wide) in paragraph at lines 3042--3046
\T1/ptm/m/n/10 Lapla-cian Eigen-maps. Larger val-ues in-duce more con-nec-tiv-i
ty and a more global
[45]
Overfull \hbox (19.64888pt too wide) in paragraph at lines 3079--3085
\T1/ptm/m/n/10 bor De-scent method (Dong et al., 2011) via the [][]rn-nde-s-cen
t[][] pack-age. []\T1/zi4/m/n/10 rnndescent

Overfull \hbox (8.11797pt too wide) in paragraph at lines 3115--3120
\T1/ptm/m/n/10 more trees spec-i-fied, the larger the in-dex, but the bet-ter t
he re-sults. With []\T1/zi4/m/n/10 search_k[]\T1/ptm/m/n/10 ,

Overfull \hbox (77.55087pt too wide) in paragraph at lines 3126--3130
[][]$\T1/zi4/m/n/10 https : / / martin . ankerl . com / 2012 / 01 / 25 / optimi
zed-[]approximative-[]pow-[]in-[]c-[]and-[]cpp/$[][]\T1/ptm/m/n/10 .

Overfull \hbox (40.42746pt too wide) in paragraph at lines 3142--3150
[]\T1/ptm/m/n/10 Numeric data. []\T1/zi4/m/n/10 NA []\T1/ptm/m/n/10 is \T1/ptm/
m/it/10 not \T1/ptm/m/n/10 al-lowed in this case. Use the pa-ram-e-ter []\T1/zi
4/m/n/10 target_n_neighbors
[46] [47] [48] [49] [50]
Overfull \hbox (2.50864pt too wide) in paragraph at lines 3461--3467
[]\T1/zi4/m/n/10 epsilon []\T1/ptm/m/n/10 Con-trols the de-gree of the back-tra
cking when travers-ing the search
[51]
Overfull \hbox (69.28088pt too wide) in paragraph at lines 3529--3534
\T1/zi4/m/n/10 nips . cc / paper / 1961-[]laplacian-[]eigenmaps-[]and-[]spectra
l-[]techniques-[]for-[]embedding-[]and-[]clustering .
[52]
Overfull \hbox (11.23795pt too wide) in paragraph at lines 3602--3602
 []\T1/zi4/m/n/9 iris_umap <- umap(iris30, n_neighbors = 5, learning_rate = 0.5
, init = "random", n_epochs = 20)[] 

Overfull \hbox (24.72874pt too wide) in paragraph at lines 3610--3610
 []\T1/zi4/m/n/9 iris_umap <- umap(iris30, n_neighbors = 5, min_dist = 1, sprea
d = 5, nn_method = nn, n_epochs = 20)[] 
[53] [54] [55]
Overfull \hbox (2.74922pt too wide) in paragraph at lines 3835--3839
[]\T1/zi4/m/n/10 "agspectral" []\T1/ptm/m/n/10 An "ap-prox-i-mate global" mod-i
-fi-ca-tion of []\T1/zi4/m/n/10 "spectral" []\T1/ptm/m/n/10 which
[56]
Overfull \hbox (52.37921pt too wide) in paragraph at lines 3843--3851
[]\T1/ptm/m/n/10 For spec-tral ini-tial-iza-tions, ([]\T1/zi4/m/n/10 "spectral"
[]\T1/ptm/m/n/10 , []\T1/zi4/m/n/10 "normlaplacian"[]\T1/ptm/m/n/10 , []\T1/zi4
/m/n/10 "laplacian"[]\T1/ptm/m/n/10 , []\T1/zi4/m/n/10 "agspectral"[]\T1/ptm/m/
n/10 ),

Overfull \hbox (1.01804pt too wide) in paragraph at lines 3890--3894
\T1/ptm/m/n/10 Lapla-cian Eigen-maps. Larger val-ues in-duce more con-nec-tiv-i
ty and a more global
[57]
Overfull \hbox (19.64888pt too wide) in paragraph at lines 3927--3933
\T1/ptm/m/n/10 bor De-scent method (Dong et al., 2011) via the [][]rn-nde-s-cen
t[][] pack-age. []\T1/zi4/m/n/10 rnndescent

Overfull \hbox (8.11797pt too wide) in paragraph at lines 3961--3966
\T1/ptm/m/n/10 more trees spec-i-fied, the larger the in-dex, but the bet-ter t
he re-sults. With []\T1/zi4/m/n/10 search_k[]\T1/ptm/m/n/10 ,

Overfull \hbox (77.55087pt too wide) in paragraph at lines 3972--3976
[][]$\T1/zi4/m/n/10 https : / / martin . ankerl . com / 2012 / 01 / 25 / optimi
zed-[]approximative-[]pow-[]in-[]c-[]and-[]cpp/$[][]\T1/ptm/m/n/10 .
[58]
Overfull \hbox (40.42746pt too wide) in paragraph at lines 3988--3996
[]\T1/ptm/m/n/10 Numeric data. []\T1/zi4/m/n/10 NA []\T1/ptm/m/n/10 is \T1/ptm/
m/it/10 not \T1/ptm/m/n/10 al-lowed in this case. Use the pa-ram-e-ter []\T1/zi
4/m/n/10 target_n_neighbors
[59] [60] [61] [62]
Overfull \hbox (2.50864pt too wide) in paragraph at lines 4308--4314
[]\T1/zi4/m/n/10 epsilon []\T1/ptm/m/n/10 Con-trols the de-gree of the back-tra
cking when travers-ing the search
[63]
Overfull \hbox (69.28088pt too wide) in paragraph at lines 4401--4406
\T1/zi4/m/n/10 nips . cc / paper / 1961-[]laplacian-[]eigenmaps-[]and-[]spectra
l-[]techniques-[]for-[]embedding-[]and-[]clustering .
[64] [65]
Overfull \hbox (12.69908pt too wide) in paragraph at lines 4520--4525
\T1/ptm/m/n/10 ger in-dexes of the data used to gen-er-ate the []\T1/zi4/m/n/10
 model[]\T1/ptm/m/n/10 , which are the []\T1/zi4/m/n/10 n_neighbors[]\T1/ptm/m/
n/10 -

Overfull \hbox (0.9199pt too wide) in paragraph at lines 4530--4543
\T1/ptm/m/n/10 with di-men-sions []\T1/zi4/m/n/10 n_model_vertices x n_vertices
[]\T1/ptm/m/n/10 . where []\T1/zi4/m/n/10 n_model_vertices
[66] [67]
Overfull \hbox (1.62897pt too wide) in paragraph at lines 4658--4662
[]\T1/zi4/m/n/10 fixed_coords []\T1/ptm/m/n/10 The orig-i-nally em-bed-ded co-o
r-di-nates from the []\T1/zi4/m/n/10 model[]\T1/ptm/m/n/10 . These

Overfull \hbox (20.91826pt too wide) in paragraph at lines 4658--4662
\T1/ptm/m/n/10 are fixed and do not change. A ma-trix with di-men-sions (Nmodel
, []\T1/zi4/m/n/10 n_components[]\T1/ptm/m/n/10 )
[68] [69]
(/private/var/folders/dg/yk5mzc3n7jj8dfhdj7wspyy80000gn/T/RtmpuG7uCT/Rd2pdfcc1b
938d0a2/Rd2.ind [70] [71])
(/private/var/folders/dg/yk5mzc3n7jj8dfhdj7wspyy80000gn/T/RtmpuG7uCT/Rd2pdfcc1b
938d0a2/Rd2.aux)

Package rerunfilecheck Warning: File `Rd2.out' has changed.
(rerunfilecheck)                Rerun to get outlines right
(rerunfilecheck)                or use package `bookmark'.

 )
(see the transcript file for additional information)
pdfTeX warning (dest): name{Rfn.set.seed} has been referenced but does not exis
t, replaced by a fixed one


pdfTeX warning (dest): name{Rfn.svd} has been referenced but does not exist, re
placed by a fixed one


pdfTeX warning (dest): name{Rfn.big.Rul.randomSVD} has been referenced but does
 not exist, replaced by a fixed one


pdfTeX warning (dest): name{Rfn.svdr} has been referenced but does not exist, r
eplaced by a fixed one


pdfTeX warning (dest): name{Rfn.prcomp.Rul.irlba} has been referenced but does 
not exist, replaced by a fixed one


pdfTeX warning (dest): name{Rfn.tempdir} has been referenced but does not exist
, replaced by a fixed one


pdfTeX warning (dest): name{Rfn.dgCMatrix.Rdash.class} has been referenced but 
does not exist, replaced by a fixed one


pdfTeX warning (dest): name{Rfn.tempfile} has been referenced but does not exis
t, replaced by a fixed one


pdfTeX warning (dest): name{Rfn.sparseMatrix} has been referenced but does not 
exist, replaced by a fixed one


pdfTeX warning (dest): name{Rfn.dist} has been referenced but does not exist, r
eplaced by a fixed one


pdfTeX warning (dest): name{Rfn.matrix} has been referenced but does not exist,
 replaced by a fixed one


pdfTeX warning (dest): name{Rfn.data.frame} has been referenced but does not ex
ist, replaced by a fixed one

</usr/local/texlive/2024/texmf-dist/fonts/type1/public/inconsolata/Inconsolata-
zi4r.pfb></usr/local/texlive/2024/texmf-dist/fonts/type1/urw/times/utmb8a.pfb><
/usr/local/texlive/2024/texmf-dist/fonts/type1/urw/times/utmr8a.pfb></usr/local
/texlive/2024/texmf-dist/fonts/type1/urw/times/utmr8a.pfb></usr/local/texlive/2
024/texmf-dist/fonts/type1/urw/times/utmri8a.pfb>
Output written on Rd2.pdf (71 pages, 307087 bytes).
Transcript written on Rd2.log.
This is makeindex, version 2.17 [TeX Live 2024] (kpathsea + Thai support).
Scanning input file Rd2.idx....done (129 entries accepted, 0 rejected).
Sorting entries....done (1013 comparisons).
Generating output file Rd2.ind....done (129 lines written, 0 warnings).
Output written in Rd2.ind.
Transcript written in Rd2.ilg.
This is pdfTeX, Version 3.141592653-2.6-1.40.26 (TeX Live 2024) (preloaded format=pdflatex)
 restricted \write18 enabled.
entering extended mode
LaTeX2e <2023-11-01> patch level 1
L3 programming layer <2024-02-20>
(./Rd2.tex
(/usr/local/texlive/2024/texmf-dist/tex/latex/base/book.cls
Document Class: book 2023/05/17 v1.4n Standard LaTeX document class
(/usr/local/texlive/2024/texmf-dist/tex/latex/base/bk10.clo))
(/Library/Frameworks/R.framework/Resources/share/texmf/tex/latex/Rd.sty
(/usr/local/texlive/2024/texmf-dist/tex/latex/base/ifthen.sty)
(/usr/local/texlive/2024/texmf-dist/tex/generic/iftex/iftex.sty)
(/usr/local/texlive/2024/texmf-dist/tex/latex/tools/longtable.sty)
(/usr/local/texlive/2024/texmf-dist/tex/latex/tools/bm.sty)
(/usr/local/texlive/2024/texmf-dist/tex/latex/base/alltt.sty)
(/usr/local/texlive/2024/texmf-dist/tex/latex/tools/verbatim.sty)
(/usr/local/texlive/2024/texmf-dist/tex/latex/url/url.sty)
(/usr/local/texlive/2024/texmf-dist/tex/latex/base/textcomp.sty)
(/usr/local/texlive/2024/texmf-dist/tex/latex/amsmath/amsmath.sty
For additional information on amsmath, use the `?' option.
(/usr/local/texlive/2024/texmf-dist/tex/latex/amsmath/amstext.sty
(/usr/local/texlive/2024/texmf-dist/tex/latex/amsmath/amsgen.sty))
(/usr/local/texlive/2024/texmf-dist/tex/latex/amsmath/amsbsy.sty)
(/usr/local/texlive/2024/texmf-dist/tex/latex/amsmath/amsopn.sty))
(/usr/local/texlive/2024/texmf-dist/tex/latex/amsfonts/amsfonts.sty)
(/usr/local/texlive/2024/texmf-dist/tex/latex/amsfonts/amssymb.sty)
(/usr/local/texlive/2024/texmf-dist/tex/latex/jknapltx/mathrsfs.sty)
(/usr/local/texlive/2024/texmf-dist/tex/latex/base/fontenc.sty)
(/usr/local/texlive/2024/texmf-dist/tex/latex/psnfss/times.sty)
(/usr/local/texlive/2024/texmf-dist/tex/latex/inconsolata/zi4.sty
`inconsolata-zi4' v1.12, 2019/05/17 Text macros for Inconsolata (msharpe)
(/usr/local/texlive/2024/texmf-dist/tex/latex/xkeyval/xkeyval.sty
(/usr/local/texlive/2024/texmf-dist/tex/generic/xkeyval/xkeyval.tex
(/usr/local/texlive/2024/texmf-dist/tex/generic/xkeyval/xkvutils.tex
(/usr/local/texlive/2024/texmf-dist/tex/generic/xkeyval/keyval.tex)))))
(/usr/local/texlive/2024/texmf-dist/tex/latex/graphics/color.sty
(/usr/local/texlive/2024/texmf-dist/tex/latex/graphics-cfg/color.cfg)
(/usr/local/texlive/2024/texmf-dist/tex/latex/graphics-def/pdftex.def)
(/usr/local/texlive/2024/texmf-dist/tex/latex/graphics/mathcolor.ltx))
(/usr/local/texlive/2024/texmf-dist/tex/latex/hyperref/hyperref.sty
(/usr/local/texlive/2024/texmf-dist/tex/latex/kvsetkeys/kvsetkeys.sty)
(/usr/local/texlive/2024/texmf-dist/tex/generic/kvdefinekeys/kvdefinekeys.sty)
(/usr/local/texlive/2024/texmf-dist/tex/generic/pdfescape/pdfescape.sty
(/usr/local/texlive/2024/texmf-dist/tex/generic/ltxcmds/ltxcmds.sty)
(/usr/local/texlive/2024/texmf-dist/tex/generic/pdftexcmds/pdftexcmds.sty
(/usr/local/texlive/2024/texmf-dist/tex/generic/infwarerr/infwarerr.sty)))
(/usr/local/texlive/2024/texmf-dist/tex/latex/hycolor/hycolor.sty)
(/usr/local/texlive/2024/texmf-dist/tex/latex/auxhook/auxhook.sty)
(/usr/local/texlive/2024/texmf-dist/tex/latex/hyperref/nameref.sty
(/usr/local/texlive/2024/texmf-dist/tex/latex/refcount/refcount.sty)
(/usr/local/texlive/2024/texmf-dist/tex/generic/gettitlestring/gettitlestring.s
ty (/usr/local/texlive/2024/texmf-dist/tex/latex/kvoptions/kvoptions.sty)))
(/usr/local/texlive/2024/texmf-dist/tex/latex/etoolbox/etoolbox.sty)
(/usr/local/texlive/2024/texmf-dist/tex/latex/hyperref/pd1enc.def)
(/usr/local/texlive/2024/texmf-dist/tex/generic/intcalc/intcalc.sty)
(/usr/local/texlive/2024/texmf-dist/tex/latex/hyperref/puenc.def)
(/usr/local/texlive/2024/texmf-dist/tex/generic/bitset/bitset.sty
(/usr/local/texlive/2024/texmf-dist/tex/generic/bigintcalc/bigintcalc.sty))
(/usr/local/texlive/2024/texmf-dist/tex/latex/base/atbegshi-ltx.sty))
(/usr/local/texlive/2024/texmf-dist/tex/latex/hyperref/hpdftex.def
(/usr/local/texlive/2024/texmf-dist/tex/latex/base/atveryend-ltx.sty)
(/usr/local/texlive/2024/texmf-dist/tex/latex/rerunfilecheck/rerunfilecheck.sty

(/usr/local/texlive/2024/texmf-dist/tex/generic/uniquecounter/uniquecounter.sty
)))) (/usr/local/texlive/2024/texmf-dist/tex/latex/base/makeidx.sty)
Writing index file Rd2.idx
(/usr/local/texlive/2024/texmf-dist/tex/latex/psnfss/t1ptm.fd)
(/usr/local/texlive/2024/texmf-dist/tex/latex/l3backend/l3backend-pdftex.def)
(/private/var/folders/dg/yk5mzc3n7jj8dfhdj7wspyy80000gn/T/RtmpuG7uCT/Rd2pdfcc1b
938d0a2/Rd2.aux)
(/usr/local/texlive/2024/texmf-dist/tex/context/base/mkii/supp-pdf.mkii
[Loading MPS to PDF converter (version 2006.09.02).]
)
(/private/var/folders/dg/yk5mzc3n7jj8dfhdj7wspyy80000gn/T/RtmpuG7uCT/Rd2pdfcc1b
938d0a2/Rd2.out)
(/private/var/folders/dg/yk5mzc3n7jj8dfhdj7wspyy80000gn/T/RtmpuG7uCT/Rd2pdfcc1b
938d0a2/Rd2.out) (/usr/local/texlive/2024/texmf-dist/tex/latex/psnfss/ts1ptm.fd
) (/usr/local/texlive/2024/texmf-dist/tex/latex/inconsolata/t1zi4.fd)
(/usr/local/texlive/2024/texmf-dist/tex/latex/amsfonts/umsa.fd)
(/usr/local/texlive/2024/texmf-dist/tex/latex/amsfonts/umsb.fd)
(/usr/local/texlive/2024/texmf-dist/tex/latex/jknapltx/ursfs.fd)
(/private/var/folders/dg/yk5mzc3n7jj8dfhdj7wspyy80000gn/T/RtmpuG7uCT/Rd2pdfcc1b
938d0a2/Rd2.toc [1{/usr/local/texlive/2024/texmf-var/fonts/map/pdftex/updmap/pd
ftex.map}{/usr/local/texlive/2024/texmf-dist/fonts/enc/dvips/base/8r.enc}{/usr/
local/texlive/2024/texmf-dist/fonts/enc/dvips/inconsolata/i4-t1-0.enc}])
Overfull \hbox (0.37827pt too wide) in paragraph at lines 74--79
\T1/ptm/m/n/10 model. This di-rec-tory can-not be re-moved un-til this model ha
s been un-loaded by us-ing [][][]\T1/zi4/m/n/10 unload_uwot[][][][]\T1/ptm/m/n/
10 . 
[2] (/usr/local/texlive/2024/texmf-dist/tex/latex/inconsolata/ts1zi4.fd)
[3{/usr/local/texlive/2024/texmf-dist/fonts/enc/dvips/inconsolata/i4-ts1.enc}]
Overfull \hbox (21.78897pt too wide) in paragraph at lines 193--196
\T1/ptm/m/n/10 This is the anal-o-gous to []\T1/zi4/m/n/10 n_neighbors []\T1/pt
m/m/n/10 in [][][]\T1/zi4/m/n/10 umap[][][][]\T1/ptm/m/n/10 . Change this, rath
er than []\T1/zi4/m/n/10 n_neighbors[]\T1/ptm/m/n/10 . 
[4] [5]
Overfull \hbox (2.74922pt too wide) in paragraph at lines 328--332
[]\T1/zi4/m/n/10 "agspectral" []\T1/ptm/m/n/10 An "ap-prox-i-mate global" mod-i
-fi-ca-tion of []\T1/zi4/m/n/10 "spectral" []\T1/ptm/m/n/10 which

Overfull \hbox (52.37921pt too wide) in paragraph at lines 336--344
[]\T1/ptm/m/n/10 For spec-tral ini-tial-iza-tions, ([]\T1/zi4/m/n/10 "spectral"
[]\T1/ptm/m/n/10 , []\T1/zi4/m/n/10 "normlaplacian"[]\T1/ptm/m/n/10 , []\T1/zi4
/m/n/10 "laplacian"[]\T1/ptm/m/n/10 , []\T1/zi4/m/n/10 "agspectral"[]\T1/ptm/m/
n/10 ),
[6]
Overfull \hbox (19.64888pt too wide) in paragraph at lines 387--393
\T1/ptm/m/n/10 bor De-scent method (Dong et al., 2011) via the [][]rn-nde-s-cen
t[][] pack-age. []\T1/zi4/m/n/10 rnndescent

Overfull \hbox (8.11797pt too wide) in paragraph at lines 419--424
\T1/ptm/m/n/10 more trees spec-i-fied, the larger the in-dex, but the bet-ter t
he re-sults. With []\T1/zi4/m/n/10 search_k[]\T1/ptm/m/n/10 ,
[7] [8] [9] [10]
Overfull \hbox (8.12808pt too wide) in paragraph at lines 704--707
[]\T1/ptm/m/n/10 Nearest neigh-bor re-sults are not re-fined via the neighbor-o
f-my-neighbor method. The []\T1/zi4/m/n/10 search_k
[11]
Overfull \hbox (69.28088pt too wide) in paragraph at lines 744--749
\T1/zi4/m/n/10 nips . cc / paper / 1961-[]laplacian-[]eigenmaps-[]and-[]spectra
l-[]techniques-[]for-[]embedding-[]and-[]clustering .
[12] [13]
Overfull \hbox (2.74922pt too wide) in paragraph at lines 912--916
[]\T1/zi4/m/n/10 "agspectral" []\T1/ptm/m/n/10 An "ap-prox-i-mate global" mod-i
-fi-ca-tion of []\T1/zi4/m/n/10 "spectral" []\T1/ptm/m/n/10 which

Overfull \hbox (52.37921pt too wide) in paragraph at lines 920--928
[]\T1/ptm/m/n/10 For spec-tral ini-tial-iza-tions, ([]\T1/zi4/m/n/10 "spectral"
[]\T1/ptm/m/n/10 , []\T1/zi4/m/n/10 "normlaplacian"[]\T1/ptm/m/n/10 , []\T1/zi4
/m/n/10 "laplacian"[]\T1/ptm/m/n/10 , []\T1/zi4/m/n/10 "agspectral"[]\T1/ptm/m/
n/10 ),
[14]
Overfull \hbox (77.55087pt too wide) in paragraph at lines 986--989
[][]$\T1/zi4/m/n/10 https : / / martin . ankerl . com / 2012 / 01 / 25 / optimi
zed-[]approximative-[]pow-[]in-[]c-[]and-[]cpp/$[][]\T1/ptm/m/n/10 . 
[15] [16] [17] [18] [19] [20] [21]
Overfull \hbox (19.64888pt too wide) in paragraph at lines 1444--1450
\T1/ptm/m/n/10 bor De-scent method (Dong et al., 2011) via the [][]rn-nde-s-cen
t[][] pack-age. []\T1/zi4/m/n/10 rnndescent

Overfull \hbox (8.11797pt too wide) in paragraph at lines 1480--1485
\T1/ptm/m/n/10 more trees spec-i-fied, the larger the in-dex, but the bet-ter t
he re-sults. With []\T1/zi4/m/n/10 search_k[]\T1/ptm/m/n/10 ,
[22]
Overfull \hbox (40.42746pt too wide) in paragraph at lines 1518--1526
[]\T1/ptm/m/n/10 Numeric data. []\T1/zi4/m/n/10 NA []\T1/ptm/m/n/10 is \T1/ptm/
m/it/10 not \T1/ptm/m/n/10 al-lowed in this case. Use the pa-ram-e-ter []\T1/zi
4/m/n/10 target_n_neighbors
[23] [24] [25]
Overfull \hbox (2.50864pt too wide) in paragraph at lines 1710--1716
[]\T1/zi4/m/n/10 epsilon []\T1/ptm/m/n/10 Con-trols the de-gree of the back-tra
cking when travers-ing the search
[26] [27] [28] [29] [30] [31]
Overfull \hbox (2.74922pt too wide) in paragraph at lines 2128--2132
[]\T1/zi4/m/n/10 "agspectral" []\T1/ptm/m/n/10 An "ap-prox-i-mate global" mod-i
-fi-ca-tion of []\T1/zi4/m/n/10 "spectral" []\T1/ptm/m/n/10 which

Overfull \hbox (52.37921pt too wide) in paragraph at lines 2136--2144
[]\T1/ptm/m/n/10 For spec-tral ini-tial-iza-tions, ([]\T1/zi4/m/n/10 "spectral"
[]\T1/ptm/m/n/10 , []\T1/zi4/m/n/10 "normlaplacian"[]\T1/ptm/m/n/10 , []\T1/zi4
/m/n/10 "laplacian"[]\T1/ptm/m/n/10 , []\T1/zi4/m/n/10 "agspectral"[]\T1/ptm/m/
n/10 ),
[32]
Overfull \hbox (1.01804pt too wide) in paragraph at lines 2177--2181
\T1/ptm/m/n/10 Lapla-cian Eigen-maps. Larger val-ues in-duce more con-nec-tiv-i
ty and a more global

Overfull \hbox (19.64888pt too wide) in paragraph at lines 2206--2212
\T1/ptm/m/n/10 bor De-scent method (Dong et al., 2011) via the [][]rn-nde-s-cen
t[][] pack-age. []\T1/zi4/m/n/10 rnndescent
[33]
Overfull \hbox (8.11797pt too wide) in paragraph at lines 2242--2247
\T1/ptm/m/n/10 more trees spec-i-fied, the larger the in-dex, but the bet-ter t
he re-sults. With []\T1/zi4/m/n/10 search_k[]\T1/ptm/m/n/10 ,

Overfull \hbox (40.42746pt too wide) in paragraph at lines 2291--2299
[]\T1/ptm/m/n/10 Numeric data. []\T1/zi4/m/n/10 NA []\T1/ptm/m/n/10 is \T1/ptm/
m/it/10 not \T1/ptm/m/n/10 al-lowed in this case. Use the pa-ram-e-ter []\T1/zi
4/m/n/10 target_n_neighbors
[34] [35] [36] [37]
Overfull \hbox (2.50864pt too wide) in paragraph at lines 2575--2581
[]\T1/zi4/m/n/10 epsilon []\T1/ptm/m/n/10 Con-trols the de-gree of the back-tra
cking when travers-ing the search
[38]
Overfull \hbox (2.50864pt too wide) in paragraph at lines 2626--2632
[]\T1/zi4/m/n/10 epsilon []\T1/ptm/m/n/10 Con-trols the de-gree of the back-tra
cking when travers-ing the search
[39]
Overfull \hbox (69.28088pt too wide) in paragraph at lines 2702--2707
\T1/zi4/m/n/10 nips . cc / paper / 1961-[]laplacian-[]eigenmaps-[]and-[]spectra
l-[]techniques-[]for-[]embedding-[]and-[]clustering .
[40] [41] [42] [43]
Overfull \hbox (2.74922pt too wide) in paragraph at lines 2982--2986
[]\T1/zi4/m/n/10 "agspectral" []\T1/ptm/m/n/10 An "ap-prox-i-mate global" mod-i
-fi-ca-tion of []\T1/zi4/m/n/10 "spectral" []\T1/ptm/m/n/10 which

Overfull \hbox (52.37921pt too wide) in paragraph at lines 2990--2998
[]\T1/ptm/m/n/10 For spec-tral ini-tial-iza-tions, ([]\T1/zi4/m/n/10 "spectral"
[]\T1/ptm/m/n/10 , []\T1/zi4/m/n/10 "normlaplacian"[]\T1/ptm/m/n/10 , []\T1/zi4
/m/n/10 "laplacian"[]\T1/ptm/m/n/10 , []\T1/zi4/m/n/10 "agspectral"[]\T1/ptm/m/
n/10 ),
[44]
Overfull \hbox (1.01804pt too wide) in paragraph at lines 3042--3046
\T1/ptm/m/n/10 Lapla-cian Eigen-maps. Larger val-ues in-duce more con-nec-tiv-i
ty and a more global
[45]
Overfull \hbox (19.64888pt too wide) in paragraph at lines 3079--3085
\T1/ptm/m/n/10 bor De-scent method (Dong et al., 2011) via the [][]rn-nde-s-cen
t[][] pack-age. []\T1/zi4/m/n/10 rnndescent

Overfull \hbox (8.11797pt too wide) in paragraph at lines 3115--3120
\T1/ptm/m/n/10 more trees spec-i-fied, the larger the in-dex, but the bet-ter t
he re-sults. With []\T1/zi4/m/n/10 search_k[]\T1/ptm/m/n/10 ,

Overfull \hbox (77.55087pt too wide) in paragraph at lines 3126--3130
[][]$\T1/zi4/m/n/10 https : / / martin . ankerl . com / 2012 / 01 / 25 / optimi
zed-[]approximative-[]pow-[]in-[]c-[]and-[]cpp/$[][]\T1/ptm/m/n/10 .

Overfull \hbox (40.42746pt too wide) in paragraph at lines 3142--3150
[]\T1/ptm/m/n/10 Numeric data. []\T1/zi4/m/n/10 NA []\T1/ptm/m/n/10 is \T1/ptm/
m/it/10 not \T1/ptm/m/n/10 al-lowed in this case. Use the pa-ram-e-ter []\T1/zi
4/m/n/10 target_n_neighbors
[46] [47] [48] [49] [50]
Overfull \hbox (2.50864pt too wide) in paragraph at lines 3461--3467
[]\T1/zi4/m/n/10 epsilon []\T1/ptm/m/n/10 Con-trols the de-gree of the back-tra
cking when travers-ing the search
[51]
Overfull \hbox (69.28088pt too wide) in paragraph at lines 3529--3534
\T1/zi4/m/n/10 nips . cc / paper / 1961-[]laplacian-[]eigenmaps-[]and-[]spectra
l-[]techniques-[]for-[]embedding-[]and-[]clustering .
[52]
Overfull \hbox (11.23795pt too wide) in paragraph at lines 3602--3602
 []\T1/zi4/m/n/9 iris_umap <- umap(iris30, n_neighbors = 5, learning_rate = 0.5
, init = "random", n_epochs = 20)[] 

Overfull \hbox (24.72874pt too wide) in paragraph at lines 3610--3610
 []\T1/zi4/m/n/9 iris_umap <- umap(iris30, n_neighbors = 5, min_dist = 1, sprea
d = 5, nn_method = nn, n_epochs = 20)[] 
[53] [54] [55]
Overfull \hbox (2.74922pt too wide) in paragraph at lines 3835--3839
[]\T1/zi4/m/n/10 "agspectral" []\T1/ptm/m/n/10 An "ap-prox-i-mate global" mod-i
-fi-ca-tion of []\T1/zi4/m/n/10 "spectral" []\T1/ptm/m/n/10 which
[56]
Overfull \hbox (52.37921pt too wide) in paragraph at lines 3843--3851
[]\T1/ptm/m/n/10 For spec-tral ini-tial-iza-tions, ([]\T1/zi4/m/n/10 "spectral"
[]\T1/ptm/m/n/10 , []\T1/zi4/m/n/10 "normlaplacian"[]\T1/ptm/m/n/10 , []\T1/zi4
/m/n/10 "laplacian"[]\T1/ptm/m/n/10 , []\T1/zi4/m/n/10 "agspectral"[]\T1/ptm/m/
n/10 ),

Overfull \hbox (1.01804pt too wide) in paragraph at lines 3890--3894
\T1/ptm/m/n/10 Lapla-cian Eigen-maps. Larger val-ues in-duce more con-nec-tiv-i
ty and a more global
[57]
Overfull \hbox (19.64888pt too wide) in paragraph at lines 3927--3933
\T1/ptm/m/n/10 bor De-scent method (Dong et al., 2011) via the [][]rn-nde-s-cen
t[][] pack-age. []\T1/zi4/m/n/10 rnndescent

Overfull \hbox (8.11797pt too wide) in paragraph at lines 3961--3966
\T1/ptm/m/n/10 more trees spec-i-fied, the larger the in-dex, but the bet-ter t
he re-sults. With []\T1/zi4/m/n/10 search_k[]\T1/ptm/m/n/10 ,

Overfull \hbox (77.55087pt too wide) in paragraph at lines 3972--3976
[][]$\T1/zi4/m/n/10 https : / / martin . ankerl . com / 2012 / 01 / 25 / optimi
zed-[]approximative-[]pow-[]in-[]c-[]and-[]cpp/$[][]\T1/ptm/m/n/10 .
[58]
Overfull \hbox (40.42746pt too wide) in paragraph at lines 3988--3996
[]\T1/ptm/m/n/10 Numeric data. []\T1/zi4/m/n/10 NA []\T1/ptm/m/n/10 is \T1/ptm/
m/it/10 not \T1/ptm/m/n/10 al-lowed in this case. Use the pa-ram-e-ter []\T1/zi
4/m/n/10 target_n_neighbors
[59] [60] [61] [62]
Overfull \hbox (2.50864pt too wide) in paragraph at lines 4308--4314
[]\T1/zi4/m/n/10 epsilon []\T1/ptm/m/n/10 Con-trols the de-gree of the back-tra
cking when travers-ing the search
[63]
Overfull \hbox (69.28088pt too wide) in paragraph at lines 4401--4406
\T1/zi4/m/n/10 nips . cc / paper / 1961-[]laplacian-[]eigenmaps-[]and-[]spectra
l-[]techniques-[]for-[]embedding-[]and-[]clustering .
[64] [65]
Overfull \hbox (12.69908pt too wide) in paragraph at lines 4520--4525
\T1/ptm/m/n/10 ger in-dexes of the data used to gen-er-ate the []\T1/zi4/m/n/10
 model[]\T1/ptm/m/n/10 , which are the []\T1/zi4/m/n/10 n_neighbors[]\T1/ptm/m/
n/10 -

Overfull \hbox (0.9199pt too wide) in paragraph at lines 4530--4543
\T1/ptm/m/n/10 with di-men-sions []\T1/zi4/m/n/10 n_model_vertices x n_vertices
[]\T1/ptm/m/n/10 . where []\T1/zi4/m/n/10 n_model_vertices
[66] [67]
Overfull \hbox (1.62897pt too wide) in paragraph at lines 4658--4662
[]\T1/zi4/m/n/10 fixed_coords []\T1/ptm/m/n/10 The orig-i-nally em-bed-ded co-o
r-di-nates from the []\T1/zi4/m/n/10 model[]\T1/ptm/m/n/10 . These

Overfull \hbox (20.91826pt too wide) in paragraph at lines 4658--4662
\T1/ptm/m/n/10 are fixed and do not change. A ma-trix with di-men-sions (Nmodel
, []\T1/zi4/m/n/10 n_components[]\T1/ptm/m/n/10 )
[68] [69]
(/private/var/folders/dg/yk5mzc3n7jj8dfhdj7wspyy80000gn/T/RtmpuG7uCT/Rd2pdfcc1b
938d0a2/Rd2.ind [70] [71])
(/private/var/folders/dg/yk5mzc3n7jj8dfhdj7wspyy80000gn/T/RtmpuG7uCT/Rd2pdfcc1b
938d0a2/Rd2.aux) )
(see the transcript file for additional information)
pdfTeX warning (dest): name{Rfn.set.seed} has been referenced but does not exis
t, replaced by a fixed one


pdfTeX warning (dest): name{Rfn.svd} has been referenced but does not exist, re
placed by a fixed one


pdfTeX warning (dest): name{Rfn.big.Rul.randomSVD} has been referenced but does
 not exist, replaced by a fixed one


pdfTeX warning (dest): name{Rfn.svdr} has been referenced but does not exist, r
eplaced by a fixed one


pdfTeX warning (dest): name{Rfn.prcomp.Rul.irlba} has been referenced but does 
not exist, replaced by a fixed one


pdfTeX warning (dest): name{Rfn.tempdir} has been referenced but does not exist
, replaced by a fixed one


pdfTeX warning (dest): name{Rfn.dgCMatrix.Rdash.class} has been referenced but 
does not exist, replaced by a fixed one


pdfTeX warning (dest): name{Rfn.tempfile} has been referenced but does not exis
t, replaced by a fixed one


pdfTeX warning (dest): name{Rfn.sparseMatrix} has been referenced but does not 
exist, replaced by a fixed one


pdfTeX warning (dest): name{Rfn.dist} has been referenced but does not exist, r
eplaced by a fixed one


pdfTeX warning (dest): name{Rfn.matrix} has been referenced but does not exist,
 replaced by a fixed one


pdfTeX warning (dest): name{Rfn.data.frame} has been referenced but does not ex
ist, replaced by a fixed one

</usr/local/texlive/2024/texmf-dist/fonts/type1/public/inconsolata/Inconsolata-
zi4r.pfb></usr/local/texlive/2024/texmf-dist/fonts/type1/urw/times/utmb8a.pfb><
/usr/local/texlive/2024/texmf-dist/fonts/type1/urw/times/utmr8a.pfb></usr/local
/texlive/2024/texmf-dist/fonts/type1/urw/times/utmr8a.pfb></usr/local/texlive/2
024/texmf-dist/fonts/type1/urw/times/utmri8a.pfb>
Output written on Rd2.pdf (71 pages, 307068 bytes).
Transcript written on Rd2.log.
This is makeindex, version 2.17 [TeX Live 2024] (kpathsea + Thai support).
Scanning input file Rd2.idx....done (129 entries accepted, 0 rejected).
Sorting entries....done (1013 comparisons).
Generating output file Rd2.ind....done (129 lines written, 0 warnings).
Output written in Rd2.ind.
Transcript written in Rd2.ilg.
This is pdfTeX, Version 3.141592653-2.6-1.40.26 (TeX Live 2024) (preloaded format=pdflatex)
 restricted \write18 enabled.
entering extended mode
LaTeX2e <2023-11-01> patch level 1
L3 programming layer <2024-02-20>
(./Rd2.tex
(/usr/local/texlive/2024/texmf-dist/tex/latex/base/book.cls
Document Class: book 2023/05/17 v1.4n Standard LaTeX document class
(/usr/local/texlive/2024/texmf-dist/tex/latex/base/bk10.clo))
(/Library/Frameworks/R.framework/Resources/share/texmf/tex/latex/Rd.sty
(/usr/local/texlive/2024/texmf-dist/tex/latex/base/ifthen.sty)
(/usr/local/texlive/2024/texmf-dist/tex/generic/iftex/iftex.sty)
(/usr/local/texlive/2024/texmf-dist/tex/latex/tools/longtable.sty)
(/usr/local/texlive/2024/texmf-dist/tex/latex/tools/bm.sty)
(/usr/local/texlive/2024/texmf-dist/tex/latex/base/alltt.sty)
(/usr/local/texlive/2024/texmf-dist/tex/latex/tools/verbatim.sty)
(/usr/local/texlive/2024/texmf-dist/tex/latex/url/url.sty)
(/usr/local/texlive/2024/texmf-dist/tex/latex/base/textcomp.sty)
(/usr/local/texlive/2024/texmf-dist/tex/latex/amsmath/amsmath.sty
For additional information on amsmath, use the `?' option.
(/usr/local/texlive/2024/texmf-dist/tex/latex/amsmath/amstext.sty
(/usr/local/texlive/2024/texmf-dist/tex/latex/amsmath/amsgen.sty))
(/usr/local/texlive/2024/texmf-dist/tex/latex/amsmath/amsbsy.sty)
(/usr/local/texlive/2024/texmf-dist/tex/latex/amsmath/amsopn.sty))
(/usr/local/texlive/2024/texmf-dist/tex/latex/amsfonts/amsfonts.sty)
(/usr/local/texlive/2024/texmf-dist/tex/latex/amsfonts/amssymb.sty)
(/usr/local/texlive/2024/texmf-dist/tex/latex/jknapltx/mathrsfs.sty)
(/usr/local/texlive/2024/texmf-dist/tex/latex/base/fontenc.sty)
(/usr/local/texlive/2024/texmf-dist/tex/latex/psnfss/times.sty)
(/usr/local/texlive/2024/texmf-dist/tex/latex/inconsolata/zi4.sty
`inconsolata-zi4' v1.12, 2019/05/17 Text macros for Inconsolata (msharpe)
(/usr/local/texlive/2024/texmf-dist/tex/latex/xkeyval/xkeyval.sty
(/usr/local/texlive/2024/texmf-dist/tex/generic/xkeyval/xkeyval.tex
(/usr/local/texlive/2024/texmf-dist/tex/generic/xkeyval/xkvutils.tex
(/usr/local/texlive/2024/texmf-dist/tex/generic/xkeyval/keyval.tex)))))
(/usr/local/texlive/2024/texmf-dist/tex/latex/graphics/color.sty
(/usr/local/texlive/2024/texmf-dist/tex/latex/graphics-cfg/color.cfg)
(/usr/local/texlive/2024/texmf-dist/tex/latex/graphics-def/pdftex.def)
(/usr/local/texlive/2024/texmf-dist/tex/latex/graphics/mathcolor.ltx))
(/usr/local/texlive/2024/texmf-dist/tex/latex/hyperref/hyperref.sty
(/usr/local/texlive/2024/texmf-dist/tex/latex/kvsetkeys/kvsetkeys.sty)
(/usr/local/texlive/2024/texmf-dist/tex/generic/kvdefinekeys/kvdefinekeys.sty)
(/usr/local/texlive/2024/texmf-dist/tex/generic/pdfescape/pdfescape.sty
(/usr/local/texlive/2024/texmf-dist/tex/generic/ltxcmds/ltxcmds.sty)
(/usr/local/texlive/2024/texmf-dist/tex/generic/pdftexcmds/pdftexcmds.sty
(/usr/local/texlive/2024/texmf-dist/tex/generic/infwarerr/infwarerr.sty)))
(/usr/local/texlive/2024/texmf-dist/tex/latex/hycolor/hycolor.sty)
(/usr/local/texlive/2024/texmf-dist/tex/latex/auxhook/auxhook.sty)
(/usr/local/texlive/2024/texmf-dist/tex/latex/hyperref/nameref.sty
(/usr/local/texlive/2024/texmf-dist/tex/latex/refcount/refcount.sty)
(/usr/local/texlive/2024/texmf-dist/tex/generic/gettitlestring/gettitlestring.s
ty (/usr/local/texlive/2024/texmf-dist/tex/latex/kvoptions/kvoptions.sty)))
(/usr/local/texlive/2024/texmf-dist/tex/latex/etoolbox/etoolbox.sty)
(/usr/local/texlive/2024/texmf-dist/tex/latex/hyperref/pd1enc.def)
(/usr/local/texlive/2024/texmf-dist/tex/generic/intcalc/intcalc.sty)
(/usr/local/texlive/2024/texmf-dist/tex/latex/hyperref/puenc.def)
(/usr/local/texlive/2024/texmf-dist/tex/generic/bitset/bitset.sty
(/usr/local/texlive/2024/texmf-dist/tex/generic/bigintcalc/bigintcalc.sty))
(/usr/local/texlive/2024/texmf-dist/tex/latex/base/atbegshi-ltx.sty))
(/usr/local/texlive/2024/texmf-dist/tex/latex/hyperref/hpdftex.def
(/usr/local/texlive/2024/texmf-dist/tex/latex/base/atveryend-ltx.sty)
(/usr/local/texlive/2024/texmf-dist/tex/latex/rerunfilecheck/rerunfilecheck.sty

(/usr/local/texlive/2024/texmf-dist/tex/generic/uniquecounter/uniquecounter.sty
)))) (/usr/local/texlive/2024/texmf-dist/tex/latex/base/makeidx.sty)
Writing index file Rd2.idx
(/usr/local/texlive/2024/texmf-dist/tex/latex/psnfss/t1ptm.fd)
(/usr/local/texlive/2024/texmf-dist/tex/latex/l3backend/l3backend-pdftex.def)
(/private/var/folders/dg/yk5mzc3n7jj8dfhdj7wspyy80000gn/T/RtmpuG7uCT/Rd2pdfcc1b
938d0a2/Rd2.aux)
(/usr/local/texlive/2024/texmf-dist/tex/context/base/mkii/supp-pdf.mkii
[Loading MPS to PDF converter (version 2006.09.02).]
)
(/private/var/folders/dg/yk5mzc3n7jj8dfhdj7wspyy80000gn/T/RtmpuG7uCT/Rd2pdfcc1b
938d0a2/Rd2.out)
(/private/var/folders/dg/yk5mzc3n7jj8dfhdj7wspyy80000gn/T/RtmpuG7uCT/Rd2pdfcc1b
938d0a2/Rd2.out) (/usr/local/texlive/2024/texmf-dist/tex/latex/psnfss/ts1ptm.fd
) (/usr/local/texlive/2024/texmf-dist/tex/latex/inconsolata/t1zi4.fd)
(/usr/local/texlive/2024/texmf-dist/tex/latex/amsfonts/umsa.fd)
(/usr/local/texlive/2024/texmf-dist/tex/latex/amsfonts/umsb.fd)
(/usr/local/texlive/2024/texmf-dist/tex/latex/jknapltx/ursfs.fd)
(/private/var/folders/dg/yk5mzc3n7jj8dfhdj7wspyy80000gn/T/RtmpuG7uCT/Rd2pdfcc1b
938d0a2/Rd2.toc [1{/usr/local/texlive/2024/texmf-var/fonts/map/pdftex/updmap/pd
ftex.map}{/usr/local/texlive/2024/texmf-dist/fonts/enc/dvips/base/8r.enc}{/usr/
local/texlive/2024/texmf-dist/fonts/enc/dvips/inconsolata/i4-t1-0.enc}])
Overfull \hbox (0.37827pt too wide) in paragraph at lines 74--79
\T1/ptm/m/n/10 model. This di-rec-tory can-not be re-moved un-til this model ha
s been un-loaded by us-ing [][][]\T1/zi4/m/n/10 unload_uwot[][][][]\T1/ptm/m/n/
10 . 
[2] (/usr/local/texlive/2024/texmf-dist/tex/latex/inconsolata/ts1zi4.fd)
[3{/usr/local/texlive/2024/texmf-dist/fonts/enc/dvips/inconsolata/i4-ts1.enc}]
Overfull \hbox (21.78897pt too wide) in paragraph at lines 193--196
\T1/ptm/m/n/10 This is the anal-o-gous to []\T1/zi4/m/n/10 n_neighbors []\T1/pt
m/m/n/10 in [][][]\T1/zi4/m/n/10 umap[][][][]\T1/ptm/m/n/10 . Change this, rath
er than []\T1/zi4/m/n/10 n_neighbors[]\T1/ptm/m/n/10 . 
[4] [5]
Overfull \hbox (2.74922pt too wide) in paragraph at lines 328--332
[]\T1/zi4/m/n/10 "agspectral" []\T1/ptm/m/n/10 An "ap-prox-i-mate global" mod-i
-fi-ca-tion of []\T1/zi4/m/n/10 "spectral" []\T1/ptm/m/n/10 which

Overfull \hbox (52.37921pt too wide) in paragraph at lines 336--344
[]\T1/ptm/m/n/10 For spec-tral ini-tial-iza-tions, ([]\T1/zi4/m/n/10 "spectral"
[]\T1/ptm/m/n/10 , []\T1/zi4/m/n/10 "normlaplacian"[]\T1/ptm/m/n/10 , []\T1/zi4
/m/n/10 "laplacian"[]\T1/ptm/m/n/10 , []\T1/zi4/m/n/10 "agspectral"[]\T1/ptm/m/
n/10 ),
[6]
Overfull \hbox (19.64888pt too wide) in paragraph at lines 387--393
\T1/ptm/m/n/10 bor De-scent method (Dong et al., 2011) via the [][]rn-nde-s-cen
t[][] pack-age. []\T1/zi4/m/n/10 rnndescent

Overfull \hbox (8.11797pt too wide) in paragraph at lines 419--424
\T1/ptm/m/n/10 more trees spec-i-fied, the larger the in-dex, but the bet-ter t
he re-sults. With []\T1/zi4/m/n/10 search_k[]\T1/ptm/m/n/10 ,
[7] [8] [9] [10]
Overfull \hbox (8.12808pt too wide) in paragraph at lines 704--707
[]\T1/ptm/m/n/10 Nearest neigh-bor re-sults are not re-fined via the neighbor-o
f-my-neighbor method. The []\T1/zi4/m/n/10 search_k
[11]
Overfull \hbox (69.28088pt too wide) in paragraph at lines 744--749
\T1/zi4/m/n/10 nips . cc / paper / 1961-[]laplacian-[]eigenmaps-[]and-[]spectra
l-[]techniques-[]for-[]embedding-[]and-[]clustering .
[12] [13]
Overfull \hbox (2.74922pt too wide) in paragraph at lines 912--916
[]\T1/zi4/m/n/10 "agspectral" []\T1/ptm/m/n/10 An "ap-prox-i-mate global" mod-i
-fi-ca-tion of []\T1/zi4/m/n/10 "spectral" []\T1/ptm/m/n/10 which

Overfull \hbox (52.37921pt too wide) in paragraph at lines 920--928
[]\T1/ptm/m/n/10 For spec-tral ini-tial-iza-tions, ([]\T1/zi4/m/n/10 "spectral"
[]\T1/ptm/m/n/10 , []\T1/zi4/m/n/10 "normlaplacian"[]\T1/ptm/m/n/10 , []\T1/zi4
/m/n/10 "laplacian"[]\T1/ptm/m/n/10 , []\T1/zi4/m/n/10 "agspectral"[]\T1/ptm/m/
n/10 ),
[14]
Overfull \hbox (77.55087pt too wide) in paragraph at lines 986--989
[][]$\T1/zi4/m/n/10 https : / / martin . ankerl . com / 2012 / 01 / 25 / optimi
zed-[]approximative-[]pow-[]in-[]c-[]and-[]cpp/$[][]\T1/ptm/m/n/10 . 
[15] [16] [17] [18] [19] [20] [21]
Overfull \hbox (19.64888pt too wide) in paragraph at lines 1444--1450
\T1/ptm/m/n/10 bor De-scent method (Dong et al., 2011) via the [][]rn-nde-s-cen
t[][] pack-age. []\T1/zi4/m/n/10 rnndescent

Overfull \hbox (8.11797pt too wide) in paragraph at lines 1480--1485
\T1/ptm/m/n/10 more trees spec-i-fied, the larger the in-dex, but the bet-ter t
he re-sults. With []\T1/zi4/m/n/10 search_k[]\T1/ptm/m/n/10 ,
[22]
Overfull \hbox (40.42746pt too wide) in paragraph at lines 1518--1526
[]\T1/ptm/m/n/10 Numeric data. []\T1/zi4/m/n/10 NA []\T1/ptm/m/n/10 is \T1/ptm/
m/it/10 not \T1/ptm/m/n/10 al-lowed in this case. Use the pa-ram-e-ter []\T1/zi
4/m/n/10 target_n_neighbors
[23] [24] [25]
Overfull \hbox (2.50864pt too wide) in paragraph at lines 1710--1716
[]\T1/zi4/m/n/10 epsilon []\T1/ptm/m/n/10 Con-trols the de-gree of the back-tra
cking when travers-ing the search
[26] [27] [28] [29] [30] [31]
Overfull \hbox (2.74922pt too wide) in paragraph at lines 2128--2132
[]\T1/zi4/m/n/10 "agspectral" []\T1/ptm/m/n/10 An "ap-prox-i-mate global" mod-i
-fi-ca-tion of []\T1/zi4/m/n/10 "spectral" []\T1/ptm/m/n/10 which

Overfull \hbox (52.37921pt too wide) in paragraph at lines 2136--2144
[]\T1/ptm/m/n/10 For spec-tral ini-tial-iza-tions, ([]\T1/zi4/m/n/10 "spectral"
[]\T1/ptm/m/n/10 , []\T1/zi4/m/n/10 "normlaplacian"[]\T1/ptm/m/n/10 , []\T1/zi4
/m/n/10 "laplacian"[]\T1/ptm/m/n/10 , []\T1/zi4/m/n/10 "agspectral"[]\T1/ptm/m/
n/10 ),
[32]
Overfull \hbox (1.01804pt too wide) in paragraph at lines 2177--2181
\T1/ptm/m/n/10 Lapla-cian Eigen-maps. Larger val-ues in-duce more con-nec-tiv-i
ty and a more global

Overfull \hbox (19.64888pt too wide) in paragraph at lines 2206--2212
\T1/ptm/m/n/10 bor De-scent method (Dong et al., 2011) via the [][]rn-nde-s-cen
t[][] pack-age. []\T1/zi4/m/n/10 rnndescent
[33]
Overfull \hbox (8.11797pt too wide) in paragraph at lines 2242--2247
\T1/ptm/m/n/10 more trees spec-i-fied, the larger the in-dex, but the bet-ter t
he re-sults. With []\T1/zi4/m/n/10 search_k[]\T1/ptm/m/n/10 ,

Overfull \hbox (40.42746pt too wide) in paragraph at lines 2291--2299
[]\T1/ptm/m/n/10 Numeric data. []\T1/zi4/m/n/10 NA []\T1/ptm/m/n/10 is \T1/ptm/
m/it/10 not \T1/ptm/m/n/10 al-lowed in this case. Use the pa-ram-e-ter []\T1/zi
4/m/n/10 target_n_neighbors
[34] [35] [36] [37]
Overfull \hbox (2.50864pt too wide) in paragraph at lines 2575--2581
[]\T1/zi4/m/n/10 epsilon []\T1/ptm/m/n/10 Con-trols the de-gree of the back-tra
cking when travers-ing the search
[38]
Overfull \hbox (2.50864pt too wide) in paragraph at lines 2626--2632
[]\T1/zi4/m/n/10 epsilon []\T1/ptm/m/n/10 Con-trols the de-gree of the back-tra
cking when travers-ing the search
[39]
Overfull \hbox (69.28088pt too wide) in paragraph at lines 2702--2707
\T1/zi4/m/n/10 nips . cc / paper / 1961-[]laplacian-[]eigenmaps-[]and-[]spectra
l-[]techniques-[]for-[]embedding-[]and-[]clustering .
[40] [41] [42] [43]
Overfull \hbox (2.74922pt too wide) in paragraph at lines 2982--2986
[]\T1/zi4/m/n/10 "agspectral" []\T1/ptm/m/n/10 An "ap-prox-i-mate global" mod-i
-fi-ca-tion of []\T1/zi4/m/n/10 "spectral" []\T1/ptm/m/n/10 which

Overfull \hbox (52.37921pt too wide) in paragraph at lines 2990--2998
[]\T1/ptm/m/n/10 For spec-tral ini-tial-iza-tions, ([]\T1/zi4/m/n/10 "spectral"
[]\T1/ptm/m/n/10 , []\T1/zi4/m/n/10 "normlaplacian"[]\T1/ptm/m/n/10 , []\T1/zi4
/m/n/10 "laplacian"[]\T1/ptm/m/n/10 , []\T1/zi4/m/n/10 "agspectral"[]\T1/ptm/m/
n/10 ),
[44]
Overfull \hbox (1.01804pt too wide) in paragraph at lines 3042--3046
\T1/ptm/m/n/10 Lapla-cian Eigen-maps. Larger val-ues in-duce more con-nec-tiv-i
ty and a more global
[45]
Overfull \hbox (19.64888pt too wide) in paragraph at lines 3079--3085
\T1/ptm/m/n/10 bor De-scent method (Dong et al., 2011) via the [][]rn-nde-s-cen
t[][] pack-age. []\T1/zi4/m/n/10 rnndescent

Overfull \hbox (8.11797pt too wide) in paragraph at lines 3115--3120
\T1/ptm/m/n/10 more trees spec-i-fied, the larger the in-dex, but the bet-ter t
he re-sults. With []\T1/zi4/m/n/10 search_k[]\T1/ptm/m/n/10 ,

Overfull \hbox (77.55087pt too wide) in paragraph at lines 3126--3130
[][]$\T1/zi4/m/n/10 https : / / martin . ankerl . com / 2012 / 01 / 25 / optimi
zed-[]approximative-[]pow-[]in-[]c-[]and-[]cpp/$[][]\T1/ptm/m/n/10 .

Overfull \hbox (40.42746pt too wide) in paragraph at lines 3142--3150
[]\T1/ptm/m/n/10 Numeric data. []\T1/zi4/m/n/10 NA []\T1/ptm/m/n/10 is \T1/ptm/
m/it/10 not \T1/ptm/m/n/10 al-lowed in this case. Use the pa-ram-e-ter []\T1/zi
4/m/n/10 target_n_neighbors
[46] [47] [48] [49] [50]
Overfull \hbox (2.50864pt too wide) in paragraph at lines 3461--3467
[]\T1/zi4/m/n/10 epsilon []\T1/ptm/m/n/10 Con-trols the de-gree of the back-tra
cking when travers-ing the search
[51]
Overfull \hbox (69.28088pt too wide) in paragraph at lines 3529--3534
\T1/zi4/m/n/10 nips . cc / paper / 1961-[]laplacian-[]eigenmaps-[]and-[]spectra
l-[]techniques-[]for-[]embedding-[]and-[]clustering .
[52]
Overfull \hbox (11.23795pt too wide) in paragraph at lines 3602--3602
 []\T1/zi4/m/n/9 iris_umap <- umap(iris30, n_neighbors = 5, learning_rate = 0.5
, init = "random", n_epochs = 20)[] 

Overfull \hbox (24.72874pt too wide) in paragraph at lines 3610--3610
 []\T1/zi4/m/n/9 iris_umap <- umap(iris30, n_neighbors = 5, min_dist = 1, sprea
d = 5, nn_method = nn, n_epochs = 20)[] 
[53] [54] [55]
Overfull \hbox (2.74922pt too wide) in paragraph at lines 3835--3839
[]\T1/zi4/m/n/10 "agspectral" []\T1/ptm/m/n/10 An "ap-prox-i-mate global" mod-i
-fi-ca-tion of []\T1/zi4/m/n/10 "spectral" []\T1/ptm/m/n/10 which
[56]
Overfull \hbox (52.37921pt too wide) in paragraph at lines 3843--3851
[]\T1/ptm/m/n/10 For spec-tral ini-tial-iza-tions, ([]\T1/zi4/m/n/10 "spectral"
[]\T1/ptm/m/n/10 , []\T1/zi4/m/n/10 "normlaplacian"[]\T1/ptm/m/n/10 , []\T1/zi4
/m/n/10 "laplacian"[]\T1/ptm/m/n/10 , []\T1/zi4/m/n/10 "agspectral"[]\T1/ptm/m/
n/10 ),

Overfull \hbox (1.01804pt too wide) in paragraph at lines 3890--3894
\T1/ptm/m/n/10 Lapla-cian Eigen-maps. Larger val-ues in-duce more con-nec-tiv-i
ty and a more global
[57]
Overfull \hbox (19.64888pt too wide) in paragraph at lines 3927--3933
\T1/ptm/m/n/10 bor De-scent method (Dong et al., 2011) via the [][]rn-nde-s-cen
t[][] pack-age. []\T1/zi4/m/n/10 rnndescent

Overfull \hbox (8.11797pt too wide) in paragraph at lines 3961--3966
\T1/ptm/m/n/10 more trees spec-i-fied, the larger the in-dex, but the bet-ter t
he re-sults. With []\T1/zi4/m/n/10 search_k[]\T1/ptm/m/n/10 ,

Overfull \hbox (77.55087pt too wide) in paragraph at lines 3972--3976
[][]$\T1/zi4/m/n/10 https : / / martin . ankerl . com / 2012 / 01 / 25 / optimi
zed-[]approximative-[]pow-[]in-[]c-[]and-[]cpp/$[][]\T1/ptm/m/n/10 .
[58]
Overfull \hbox (40.42746pt too wide) in paragraph at lines 3988--3996
[]\T1/ptm/m/n/10 Numeric data. []\T1/zi4/m/n/10 NA []\T1/ptm/m/n/10 is \T1/ptm/
m/it/10 not \T1/ptm/m/n/10 al-lowed in this case. Use the pa-ram-e-ter []\T1/zi
4/m/n/10 target_n_neighbors
[59] [60] [61] [62]
Overfull \hbox (2.50864pt too wide) in paragraph at lines 4308--4314
[]\T1/zi4/m/n/10 epsilon []\T1/ptm/m/n/10 Con-trols the de-gree of the back-tra
cking when travers-ing the search
[63]
Overfull \hbox (69.28088pt too wide) in paragraph at lines 4401--4406
\T1/zi4/m/n/10 nips . cc / paper / 1961-[]laplacian-[]eigenmaps-[]and-[]spectra
l-[]techniques-[]for-[]embedding-[]and-[]clustering .
[64] [65]
Overfull \hbox (12.69908pt too wide) in paragraph at lines 4520--4525
\T1/ptm/m/n/10 ger in-dexes of the data used to gen-er-ate the []\T1/zi4/m/n/10
 model[]\T1/ptm/m/n/10 , which are the []\T1/zi4/m/n/10 n_neighbors[]\T1/ptm/m/
n/10 -

Overfull \hbox (0.9199pt too wide) in paragraph at lines 4530--4543
\T1/ptm/m/n/10 with di-men-sions []\T1/zi4/m/n/10 n_model_vertices x n_vertices
[]\T1/ptm/m/n/10 . where []\T1/zi4/m/n/10 n_model_vertices
[66] [67]
Overfull \hbox (1.62897pt too wide) in paragraph at lines 4658--4662
[]\T1/zi4/m/n/10 fixed_coords []\T1/ptm/m/n/10 The orig-i-nally em-bed-ded co-o
r-di-nates from the []\T1/zi4/m/n/10 model[]\T1/ptm/m/n/10 . These

Overfull \hbox (20.91826pt too wide) in paragraph at lines 4658--4662
\T1/ptm/m/n/10 are fixed and do not change. A ma-trix with di-men-sions (Nmodel
, []\T1/zi4/m/n/10 n_components[]\T1/ptm/m/n/10 )
[68] [69]
(/private/var/folders/dg/yk5mzc3n7jj8dfhdj7wspyy80000gn/T/RtmpuG7uCT/Rd2pdfcc1b
938d0a2/Rd2.ind [70] [71])
(/private/var/folders/dg/yk5mzc3n7jj8dfhdj7wspyy80000gn/T/RtmpuG7uCT/Rd2pdfcc1b
938d0a2/Rd2.aux) )
(see the transcript file for additional information)
pdfTeX warning (dest): name{Rfn.set.seed} has been referenced but does not exis
t, replaced by a fixed one


pdfTeX warning (dest): name{Rfn.svd} has been referenced but does not exist, re
placed by a fixed one


pdfTeX warning (dest): name{Rfn.big.Rul.randomSVD} has been referenced but does
 not exist, replaced by a fixed one


pdfTeX warning (dest): name{Rfn.svdr} has been referenced but does not exist, r
eplaced by a fixed one


pdfTeX warning (dest): name{Rfn.prcomp.Rul.irlba} has been referenced but does 
not exist, replaced by a fixed one


pdfTeX warning (dest): name{Rfn.tempdir} has been referenced but does not exist
, replaced by a fixed one


pdfTeX warning (dest): name{Rfn.dgCMatrix.Rdash.class} has been referenced but 
does not exist, replaced by a fixed one


pdfTeX warning (dest): name{Rfn.tempfile} has been referenced but does not exis
t, replaced by a fixed one


pdfTeX warning (dest): name{Rfn.sparseMatrix} has been referenced but does not 
exist, replaced by a fixed one


pdfTeX warning (dest): name{Rfn.dist} has been referenced but does not exist, r
eplaced by a fixed one


pdfTeX warning (dest): name{Rfn.matrix} has been referenced but does not exist,
 replaced by a fixed one


pdfTeX warning (dest): name{Rfn.data.frame} has been referenced but does not ex
ist, replaced by a fixed one

</usr/local/texlive/2024/texmf-dist/fonts/type1/public/inconsolata/Inconsolata-
zi4r.pfb></usr/local/texlive/2024/texmf-dist/fonts/type1/urw/times/utmb8a.pfb><
/usr/local/texlive/2024/texmf-dist/fonts/type1/urw/times/utmr8a.pfb></usr/local
/texlive/2024/texmf-dist/fonts/type1/urw/times/utmr8a.pfb></usr/local/texlive/2
024/texmf-dist/fonts/type1/urw/times/utmri8a.pfb>
Output written on Rd2.pdf (71 pages, 307061 bytes).
Transcript written on Rd2.log.
Saving output to uwotlite-manual.pdf ...
Done
You may want to clean up by 'rm -Rf /var/folders/dg/yk5mzc3n7jj8dfhdj7wspyy80000gn/T//RtmpuG7uCT/Rd2pdfcc1b938d0a2'
